<?xml version="1.0" encoding="UTF-8"?>
<testsuite xmlns:xsi="http://www.w3.org/2001/XMLSchema-instance" xsi:noNamespaceSchemaLocation="https://maven.apache.org/surefire/maven-surefire-plugin/xsd/surefire-test-report.xsd" version="3.0.2" name="com.nisum.productDashboard.ProductDashboardApplicationTests" time="0.946" tests="1" errors="0" skipped="0" failures="0">
  <properties>
[...]
</properties>
  <testcase name="contextLoads" classname="com.nisum.productDashboard.ProductDashboardApplicationTests" time="0.005">
    <system-out><![CDATA[2025-06-29T09:46:24.540+05:30  INFO 23864 --- [productDashboard-test] [           main] t.c.s.AnnotationConfigContextLoaderUtils : Could not detect default configuration classes for test class [com.nisum.productDashboard.ProductDashboardApplicationTests]: ProductDashboardApplicationTests does not declare any static, non-private, non-final, nested classes annotated with @Configuration.
2025-06-29T09:46:24.551+05:30  INFO 23864 --- [productDashboard-test] [           main] .b.t.c.SpringBootTestContextBootstrapper : Found @SpringBootConfiguration com.nisum.productDashboard.ProductDashboardApplication for test class com.nisum.productDashboard.ProductDashboardApplicationTests
2025-06-29T09:46:24.557+05:30  INFO 23864 --- [productDashboard-test] [           main] o.s.b.d.r.RestartApplicationListener     : Restart disabled due to context in which it is running

  .   ____          _            __ _ _
 /\\ / ___'_ __ _ _(_)_ __  __ _ \ \ \ \
( ( )\___ | '_ | '_| | '_ \/ _` | \ \ \ \
 \\/  ___)| |_)| | | | | || (_| |  ) ) ) )
  '  |____| .__|_| |_|_| |_\__, | / / / /
 =========|_|==============|___/=/_/_/_/

 :: Spring Boot ::                (v3.5.3)

2025-06-29T09:46:24.634+05:30  INFO 23864 --- [productDashboard-test] [           main] c.n.p.ProductDashboardApplicationTests   : Starting ProductDashboardApplicationTests using Java 24.0.1 with PID 23864 (started by linar in C:\Users\linar\OneDrive\Desktop\Nisum\Sprint 3\Day 7\productDashboard)
2025-06-29T09:46:24.634+05:30 DEBUG 23864 --- [productDashboard-test] [           main] c.n.p.ProductDashboardApplicationTests   : Running with Spring Boot v3.5.3, Spring v6.2.8
2025-06-29T09:46:24.635+05:30  INFO 23864 --- [productDashboard-test] [           main] c.n.p.ProductDashboardApplicationTests   : No active profile set, falling back to 1 default profile: "default"
2025-06-29T09:46:24.639+05:30 DEBUG 23864 --- [productDashboard-test] [           main] o.s.w.c.s.GenericWebApplicationContext   : Refreshing org.springframework.web.context.support.GenericWebApplicationContext@5c1348c6
2025-06-29T09:46:24.927+05:30  INFO 23864 --- [productDashboard-test] [           main] .s.d.r.c.RepositoryConfigurationDelegate : Bootstrapping Spring Data JPA repositories in DEFAULT mode.
2025-06-29T09:46:24.950+05:30  INFO 23864 --- [productDashboard-test] [           main] .s.d.r.c.RepositoryConfigurationDelegate : Finished Spring Data repository scanning in 20 ms. Found 1 JPA repository interface.
2025-06-29T09:46:25.137+05:30  INFO 23864 --- [productDashboard-test] [           main] o.hibernate.jpa.internal.util.LogHelper  : HHH000204: Processing PersistenceUnitInfo [name: default]
2025-06-29T09:46:25.144+05:30  INFO 23864 --- [productDashboard-test] [           main] o.h.c.internal.RegionFactoryInitiator    : HHH000026: Second-level cache disabled
2025-06-29T09:46:25.164+05:30  INFO 23864 --- [productDashboard-test] [           main] o.s.o.j.p.SpringPersistenceUnitInfo      : No LoadTimeWeaver setup: ignoring JPA class transformer
2025-06-29T09:46:25.167+05:30  INFO 23864 --- [productDashboard-test] [           main] com.zaxxer.hikari.HikariDataSource       : HikariPool-2 - Starting...
2025-06-29T09:46:25.168+05:30  INFO 23864 --- [productDashboard-test] [           main] com.zaxxer.hikari.pool.HikariPool        : HikariPool-2 - Added connection conn10: url=jdbc:h2:mem:testdb user=SA
2025-06-29T09:46:25.168+05:30  INFO 23864 --- [productDashboard-test] [           main] com.zaxxer.hikari.HikariDataSource       : HikariPool-2 - Start completed.
2025-06-29T09:46:25.169+05:30  WARN 23864 --- [productDashboard-test] [           main] org.hibernate.orm.deprecation            : HHH90000025: H2Dialect does not need to be specified explicitly using 'hibernate.dialect' (remove the property setting and it will be selected by default)
2025-06-29T09:46:25.169+05:30  INFO 23864 --- [productDashboard-test] [           main] org.hibernate.orm.connections.pooling    : HHH10001005: Database info:
	Database JDBC URL [Connecting through datasource 'HikariDataSource (HikariPool-2)']
	Database driver: undefined/unknown
	Database version: 2.3.232
	Autocommit mode: undefined/unknown
	Isolation level: undefined/unknown
	Minimum pool size: undefined/unknown
	Maximum pool size: undefined/unknown
2025-06-29T09:46:25.210+05:30  INFO 23864 --- [productDashboard-test] [           main] o.h.e.t.j.p.i.JtaPlatformInitiator       : HHH000489: No JTA platform available (set 'hibernate.transaction.jta.platform' to enable JTA platform integration)
Hibernate: 
    drop table if exists products cascade 
Hibernate: 
    create table products (
        price numeric(38,2),
        stock_quantity integer,
        id bigint generated by default as identity,
        category varchar(255),
        description varchar(255),
        name varchar(255),
        primary key (id)
    )
2025-06-29T09:46:25.217+05:30  INFO 23864 --- [productDashboard-test] [           main] j.LocalContainerEntityManagerFactoryBean : Initialized JPA EntityManagerFactory for persistence unit 'default'
2025-06-29T09:46:25.307+05:30  WARN 23864 --- [productDashboard-test] [           main] JpaBaseConfiguration$JpaWebConfiguration : spring.jpa.open-in-view is enabled by default. Therefore, database queries may be performed during view rendering. Explicitly configure spring.jpa.open-in-view to disable this warning
2025-06-29T09:46:25.344+05:30 DEBUG 23864 --- [productDashboard-test] [           main] s.w.s.m.m.a.RequestMappingHandlerMapping : 9 mappings in 'requestMappingHandlerMapping'
2025-06-29T09:46:25.395+05:30 DEBUG 23864 --- [productDashboard-test] [           main] o.s.w.s.handler.SimpleUrlHandlerMapping  : Patterns [/webjars/**, /**] in 'resourceHandlerMapping'
2025-06-29T09:46:25.402+05:30 DEBUG 23864 --- [productDashboard-test] [           main] s.w.s.m.m.a.RequestMappingHandlerAdapter : ControllerAdvice beans: 0 @ModelAttribute, 0 @InitBinder, 1 RequestBodyAdvice, 1 ResponseBodyAdvice
2025-06-29T09:46:25.414+05:30 DEBUG 23864 --- [productDashboard-test] [           main] .m.m.a.ExceptionHandlerExceptionResolver : ControllerAdvice beans: 1 @ExceptionHandler, 1 ResponseBodyAdvice
2025-06-29T09:46:25.441+05:30  INFO 23864 --- [productDashboard-test] [           main] o.s.b.a.h2.H2ConsoleAutoConfiguration    : H2 console available at '/h2-console'. Database available at 'jdbc:h2:mem:testdb'
2025-06-29T09:46:25.476+05:30  INFO 23864 --- [productDashboard-test] [           main] c.n.p.ProductDashboardApplicationTests   : Started ProductDashboardApplicationTests in 0.919 seconds (process running for 13.301)
]]></system-out>
  </testcase>
</testsuite>