<?xml version="1.0" encoding="UTF-8"?>
<testsuite xmlns:xsi="http://www.w3.org/2001/XMLSchema-instance" xsi:noNamespaceSchemaLocation="https://maven.apache.org/surefire/maven-surefire-plugin/xsd/surefire-test-report.xsd" version="3.0.2" name="com.nisum.productDashboard.integration.ProductDashboardAdvancedIntegrationTest" time="0.867" tests="7" errors="0" skipped="0" failures="1">
  <properties>
[...]
</properties>
  <testcase name="testDecimalPrecisionBoundaries" classname="com.nisum.productDashboard.integration.ProductDashboardAdvancedIntegrationTest" time="0.073">
    <system-out><![CDATA[2025-06-29T09:46:23.673+05:30  INFO 23864 --- [productDashboard-test] [           main] t.c.s.AnnotationConfigContextLoaderUtils : Could not detect default configuration classes for test class [com.nisum.productDashboard.integration.ProductDashboardAdvancedIntegrationTest]: ProductDashboardAdvancedIntegrationTest does not declare any static, non-private, non-final, nested classes annotated with @Configuration.
2025-06-29T09:46:23.682+05:30  INFO 23864 --- [productDashboard-test] [           main] .b.t.c.SpringBootTestContextBootstrapper : Found @SpringBootConfiguration com.nisum.productDashboard.ProductDashboardApplication for test class com.nisum.productDashboard.integration.ProductDashboardAdvancedIntegrationTest
2025-06-29T09:46:23.699+05:30 DEBUG 23864 --- [productDashboard-test] [           main] s.w.s.m.m.a.RequestMappingHandlerMapping : Mapped to com.nisum.productDashboard.controller.ProductController#createProduct(Product)
2025-06-29T09:46:23.701+05:30 DEBUG 23864 --- [productDashboard-test] [           main] m.m.a.RequestResponseBodyMethodProcessor : Read "application/json;charset=UTF-8" to [Product{id=null, name='High Precision Product', description='Test decimal precision', price=99999999 (truncated)...]
2025-06-29T09:46:23.708+05:30 DEBUG 23864 --- [productDashboard-test] [           main] o.s.w.s.m.m.a.HttpEntityMethodProcessor  : Using 'application/json', given [*/*] and supported [application/json, application/*+json]
2025-06-29T09:46:23.709+05:30 DEBUG 23864 --- [productDashboard-test] [           main] o.s.w.s.m.m.a.HttpEntityMethodProcessor  : Writing [Product{id=20, name='High Precision Product', description='Test decimal precision', price=99999999.9 (truncated)...]
2025-06-29T09:46:23.719+05:30 DEBUG 23864 --- [productDashboard-test] [           main] s.w.s.m.m.a.RequestMappingHandlerMapping : Mapped to com.nisum.productDashboard.controller.ProductController#createProduct(Product)
2025-06-29T09:46:23.720+05:30 DEBUG 23864 --- [productDashboard-test] [           main] m.m.a.RequestResponseBodyMethodProcessor : Read "application/json;charset=UTF-8" to [Product{id=null, name='Min Price Product', description='Minimum price test', price=0.01, stockQuanti (truncated)...]
2025-06-29T09:46:23.729+05:30 DEBUG 23864 --- [productDashboard-test] [           main] o.s.w.s.m.m.a.HttpEntityMethodProcessor  : Using 'application/json', given [*/*] and supported [application/json, application/*+json]
2025-06-29T09:46:23.730+05:30 DEBUG 23864 --- [productDashboard-test] [           main] o.s.w.s.m.m.a.HttpEntityMethodProcessor  : Writing [Product{id=21, name='Min Price Product', description='Minimum price test', price=0.01, stockQuantity (truncated)...]
2025-06-29T09:46:23.736+05:30 DEBUG 23864 --- [productDashboard-test] [           main] s.w.s.m.m.a.RequestMappingHandlerMapping : Mapped to com.nisum.productDashboard.controller.ProductController#createProduct(Product)
2025-06-29T09:46:23.739+05:30 DEBUG 23864 --- [productDashboard-test] [           main] m.m.a.RequestResponseBodyMethodProcessor : Read "application/json;charset=UTF-8" to [Product{id=null, name='Small Decimal Product', description='Small decimal test', price=0.99, stockQu (truncated)...]
2025-06-29T09:46:23.752+05:30 DEBUG 23864 --- [productDashboard-test] [           main] o.s.w.s.m.m.a.HttpEntityMethodProcessor  : Using 'application/json', given [*/*] and supported [application/json, application/*+json]
2025-06-29T09:46:23.754+05:30 DEBUG 23864 --- [productDashboard-test] [           main] o.s.w.s.m.m.a.HttpEntityMethodProcessor  : Writing [Product{id=22, name='Small Decimal Product', description='Small decimal test', price=0.99, stockQuan (truncated)...]
]]></system-out>
  </testcase>
  <testcase name="testStockQuantityEdgeCases" classname="com.nisum.productDashboard.integration.ProductDashboardAdvancedIntegrationTest" time="0.107">
    <system-out><![CDATA[2025-06-29T09:46:23.786+05:30 DEBUG 23864 --- [productDashboard-test] [           main] s.w.s.m.m.a.RequestMappingHandlerMapping : Mapped to com.nisum.productDashboard.controller.ProductController#createProduct(Product)
2025-06-29T09:46:23.790+05:30 DEBUG 23864 --- [productDashboard-test] [           main] m.m.a.RequestResponseBodyMethodProcessor : Read "application/json;charset=UTF-8" to [Product{id=null, name='Out of Stock Item', description='Currently unavailable', price=19.99, stockQu (truncated)...]
2025-06-29T09:46:23.794+05:30 DEBUG 23864 --- [productDashboard-test] [           main] o.s.w.s.m.m.a.HttpEntityMethodProcessor  : Using 'application/json', given [*/*] and supported [application/json, application/*+json]
2025-06-29T09:46:23.795+05:30 DEBUG 23864 --- [productDashboard-test] [           main] o.s.w.s.m.m.a.HttpEntityMethodProcessor  : Writing [Product{id=23, name='Out of Stock Item', description='Currently unavailable', price=19.99, stockQuan (truncated)...]
2025-06-29T09:46:23.799+05:30 DEBUG 23864 --- [productDashboard-test] [           main] s.w.s.m.m.a.RequestMappingHandlerMapping : Mapped to com.nisum.productDashboard.controller.ProductController#createProduct(Product)
2025-06-29T09:46:23.803+05:30 DEBUG 23864 --- [productDashboard-test] [           main] m.m.a.RequestResponseBodyMethodProcessor : Read "application/json;charset=UTF-8" to [Product{id=null, name='Low Stock Item', description='Almost sold out', price=29.99, stockQuantity=3, (truncated)...]
2025-06-29T09:46:23.809+05:30 DEBUG 23864 --- [productDashboard-test] [           main] o.s.w.s.m.m.a.HttpEntityMethodProcessor  : Using 'application/json', given [*/*] and supported [application/json, application/*+json]
2025-06-29T09:46:23.809+05:30 DEBUG 23864 --- [productDashboard-test] [           main] o.s.w.s.m.m.a.HttpEntityMethodProcessor  : Writing [Product{id=24, name='Low Stock Item', description='Almost sold out', price=29.99, stockQuantity=3, c (truncated)...]
2025-06-29T09:46:23.812+05:30 DEBUG 23864 --- [productDashboard-test] [           main] s.w.s.m.m.a.RequestMappingHandlerMapping : Mapped to com.nisum.productDashboard.controller.ProductController#createProduct(Product)
2025-06-29T09:46:23.816+05:30 DEBUG 23864 --- [productDashboard-test] [           main] m.m.a.RequestResponseBodyMethodProcessor : Read "application/json;charset=UTF-8" to [Product{id=null, name='High Stock Item', description='Plenty available', price=39.99, stockQuantity= (truncated)...]
2025-06-29T09:46:23.827+05:30 DEBUG 23864 --- [productDashboard-test] [           main] o.s.w.s.m.m.a.HttpEntityMethodProcessor  : Using 'application/json', given [*/*] and supported [application/json, application/*+json]
2025-06-29T09:46:23.829+05:30 DEBUG 23864 --- [productDashboard-test] [           main] o.s.w.s.m.m.a.HttpEntityMethodProcessor  : Writing [Product{id=25, name='High Stock Item', description='Plenty available', price=39.99, stockQuantity=10 (truncated)...]
2025-06-29T09:46:23.836+05:30 DEBUG 23864 --- [productDashboard-test] [           main] s.w.s.m.m.a.RequestMappingHandlerMapping : Mapped to com.nisum.productDashboard.controller.ProductController#getLowStockProducts(Integer)
2025-06-29T09:46:23.846+05:30 DEBUG 23864 --- [productDashboard-test] [           main] o.s.w.s.m.m.a.HttpEntityMethodProcessor  : Using 'application/json', given [*/*] and supported [application/json, application/*+json]
2025-06-29T09:46:23.846+05:30 DEBUG 23864 --- [productDashboard-test] [           main] o.s.w.s.m.m.a.HttpEntityMethodProcessor  : Writing [[Product{id=23, name='Out of Stock Item', description='Currently unavailable', price=19.99, stockQua (truncated)...]
2025-06-29T09:46:23.853+05:30 DEBUG 23864 --- [productDashboard-test] [           main] s.w.s.m.m.a.RequestMappingHandlerMapping : Mapped to com.nisum.productDashboard.controller.ProductController#getLowStockProducts(Integer)
2025-06-29T09:46:23.859+05:30 DEBUG 23864 --- [productDashboard-test] [           main] o.s.w.s.m.m.a.HttpEntityMethodProcessor  : Using 'application/json', given [*/*] and supported [application/json, application/*+json]
2025-06-29T09:46:23.860+05:30 DEBUG 23864 --- [productDashboard-test] [           main] o.s.w.s.m.m.a.HttpEntityMethodProcessor  : Writing [[Product{id=23, name='Out of Stock Item', description='Currently unavailable', price=19.99, stockQua (truncated)...]
2025-06-29T09:46:23.864+05:30 DEBUG 23864 --- [productDashboard-test] [           main] s.w.s.m.m.a.RequestMappingHandlerMapping : Mapped to com.nisum.productDashboard.controller.ProductController#getLowStockProducts(Integer)
2025-06-29T09:46:23.867+05:30 DEBUG 23864 --- [productDashboard-test] [           main] o.s.w.s.m.m.a.HttpEntityMethodProcessor  : Using 'application/json', given [*/*] and supported [application/json, application/*+json]
2025-06-29T09:46:23.867+05:30 DEBUG 23864 --- [productDashboard-test] [           main] o.s.w.s.m.m.a.HttpEntityMethodProcessor  : Writing [[Product{id=23, name='Out of Stock Item', description='Currently unavailable', price=19.99, stockQua (truncated)...]
]]></system-out>
  </testcase>
  <testcase name="testErrorHandlingConsistency" classname="com.nisum.productDashboard.integration.ProductDashboardAdvancedIntegrationTest" time="0.075">
    <failure message="Status expected:&lt;400&gt; but was:&lt;404&gt;" type="java.lang.AssertionError"><![CDATA[java.lang.AssertionError: Status expected:<400> but was:<404>
	at org.springframework.test.util.AssertionErrors.fail(AssertionErrors.java:61)
	at org.springframework.test.util.AssertionErrors.assertEquals(AssertionErrors.java:128)
	at org.springframework.test.web.servlet.result.StatusResultMatchers.lambda$matcher$9(StatusResultMatchers.java:640)
	at org.springframework.test.web.servlet.MockMvc$1.andExpect(MockMvc.java:214)
	at com.nisum.productDashboard.integration.ProductDashboardAdvancedIntegrationTest.testErrorHandlingConsistency(ProductDashboardAdvancedIntegrationTest.java:334)
	at java.base/java.lang.reflect.Method.invoke(Method.java:565)
	at java.base/java.util.ArrayList.forEach(ArrayList.java:1604)
	at java.base/java.util.ArrayList.forEach(ArrayList.java:1604)
]]></failure>
    <system-out><![CDATA[2025-06-29T09:46:23.896+05:30 DEBUG 23864 --- [productDashboard-test] [           main] s.w.s.m.m.a.RequestMappingHandlerMapping : Mapped to com.nisum.productDashboard.controller.ProductController#getProductById(Long)
2025-06-29T09:46:23.905+05:30 DEBUG 23864 --- [productDashboard-test] [           main] o.s.w.s.m.m.a.HttpEntityMethodProcessor  : Using 'application/json', given [*/*] and supported [application/json, application/*+json]
2025-06-29T09:46:23.906+05:30 DEBUG 23864 --- [productDashboard-test] [           main] o.s.w.s.m.m.a.HttpEntityMethodProcessor  : Nothing to write: null body
2025-06-29T09:46:23.907+05:30 DEBUG 23864 --- [productDashboard-test] [           main] s.w.s.m.m.a.RequestMappingHandlerMapping : Mapped to com.nisum.productDashboard.controller.ProductController#updateProduct(Long, Product)
2025-06-29T09:46:23.910+05:30 DEBUG 23864 --- [productDashboard-test] [           main] m.m.a.RequestResponseBodyMethodProcessor : Read "application/json;charset=UTF-8" to [Product{id=null, name='Test', description='Test', price=10.00, stockQuantity=1, category='Test'}]
2025-06-29T09:46:23.916+05:30 DEBUG 23864 --- [productDashboard-test] [           main] o.s.w.s.m.m.a.HttpEntityMethodProcessor  : Using 'application/json', given [*/*] and supported [application/json, application/*+json]
2025-06-29T09:46:23.917+05:30 DEBUG 23864 --- [productDashboard-test] [           main] o.s.w.s.m.m.a.HttpEntityMethodProcessor  : Nothing to write: null body
2025-06-29T09:46:23.920+05:30 DEBUG 23864 --- [productDashboard-test] [           main] s.w.s.m.m.a.RequestMappingHandlerMapping : Mapped to com.nisum.productDashboard.controller.ProductController#deleteProduct(Long)
2025-06-29T09:46:23.923+05:30 DEBUG 23864 --- [productDashboard-test] [           main] o.s.w.s.m.m.a.HttpEntityMethodProcessor  : Using 'application/json', given [*/*] and supported [application/json, application/*+json]
2025-06-29T09:46:23.924+05:30 DEBUG 23864 --- [productDashboard-test] [           main] o.s.w.s.m.m.a.HttpEntityMethodProcessor  : Nothing to write: null body
2025-06-29T09:46:23.925+05:30 DEBUG 23864 --- [productDashboard-test] [           main] s.w.s.m.m.a.RequestMappingHandlerMapping : Mapped to com.nisum.productDashboard.controller.ProductController#createProduct(Product)
2025-06-29T09:46:23.932+05:30 DEBUG 23864 --- [productDashboard-test] [           main] o.s.web.method.HandlerMethod             : Could not resolve parameter [0] in public org.springframework.http.ResponseEntity<com.nisum.productDashboard.entity.Product> com.nisum.productDashboard.controller.ProductController.createProduct(com.nisum.productDashboard.entity.Product): JSON parse error: Unexpected character ('i' (code 105)): was expecting double-quote to start field name
2025-06-29T09:46:23.933+05:30 DEBUG 23864 --- [productDashboard-test] [           main] .m.m.a.ExceptionHandlerExceptionResolver : Using @ExceptionHandler com.nisum.productDashboard.exception.GlobalExceptionHandler#handleRuntimeException(RuntimeException)
2025-06-29T09:46:23.934+05:30 DEBUG 23864 --- [productDashboard-test] [           main] o.s.w.s.m.m.a.HttpEntityMethodProcessor  : Using 'application/json', given [*/*] and supported [application/json, application/*+json]
2025-06-29T09:46:23.936+05:30 DEBUG 23864 --- [productDashboard-test] [           main] o.s.w.s.m.m.a.HttpEntityMethodProcessor  : Writing [{error=Resource Not Found, message=JSON parse error: Unexpected character ('i' (code 105)): was expe (truncated)...]
2025-06-29T09:46:23.937+05:30 DEBUG 23864 --- [productDashboard-test] [           main] .m.m.a.ExceptionHandlerExceptionResolver : Resolved [org.springframework.http.converter.HttpMessageNotReadableException: JSON parse error: Unexpected character ('i' (code 105)): was expecting double-quote to start field name]

MockHttpServletRequest:
      HTTP Method = GET
      Request URI = /products/99999
       Parameters = {}
          Headers = []
             Body = null
    Session Attrs = {}

Handler:
             Type = com.nisum.productDashboard.controller.ProductController
           Method = com.nisum.productDashboard.controller.ProductController#getProductById(Long)

Async:
    Async started = false
     Async result = null

Resolved Exception:
             Type = null

ModelAndView:
        View name = null
             View = null
            Model = null

FlashMap:
       Attributes = null

MockHttpServletResponse:
           Status = 404
    Error message = null
          Headers = []
     Content type = null
             Body = 
    Forwarded URL = null
   Redirected URL = null
          Cookies = []

MockHttpServletRequest:
      HTTP Method = PUT
      Request URI = /products/99999
       Parameters = {}
          Headers = [Content-Type:"application/json;charset=UTF-8", Content-Length:"96"]
             Body = {"id":null,"name":"Test","description":"Test","price":10.00,"stockQuantity":1,"category":"Test"}
    Session Attrs = {}

Handler:
             Type = com.nisum.productDashboard.controller.ProductController
           Method = com.nisum.productDashboard.controller.ProductController#updateProduct(Long, Product)

Async:
    Async started = false
     Async result = null

Resolved Exception:
             Type = null

ModelAndView:
        View name = null
             View = null
            Model = null

FlashMap:
       Attributes = null

MockHttpServletResponse:
           Status = 404
    Error message = null
          Headers = []
     Content type = null
             Body = 
    Forwarded URL = null
   Redirected URL = null
          Cookies = []

MockHttpServletRequest:
      HTTP Method = DELETE
      Request URI = /products/99999
       Parameters = {}
          Headers = []
             Body = null
    Session Attrs = {}

Handler:
             Type = com.nisum.productDashboard.controller.ProductController
           Method = com.nisum.productDashboard.controller.ProductController#deleteProduct(Long)

Async:
    Async started = false
     Async result = null

Resolved Exception:
             Type = null

ModelAndView:
        View name = null
             View = null
            Model = null

FlashMap:
       Attributes = null

MockHttpServletResponse:
           Status = 404
    Error message = null
          Headers = []
     Content type = null
             Body = 
    Forwarded URL = null
   Redirected URL = null
          Cookies = []

MockHttpServletRequest:
      HTTP Method = POST
      Request URI = /products
       Parameters = {}
          Headers = [Content-Type:"application/json;charset=UTF-8", Content-Length:"14"]
             Body = {invalid json}
    Session Attrs = {}

Handler:
             Type = com.nisum.productDashboard.controller.ProductController
           Method = com.nisum.productDashboard.controller.ProductController#createProduct(Product)

Async:
    Async started = false
     Async result = null

Resolved Exception:
             Type = org.springframework.http.converter.HttpMessageNotReadableException

ModelAndView:
        View name = null
             View = null
            Model = null

FlashMap:
       Attributes = null

MockHttpServletResponse:
           Status = 404
    Error message = null
          Headers = [Content-Type:"application/json"]
     Content type = application/json
             Body = {"error":"Resource Not Found","message":"JSON parse error: Unexpected character ('i' (code 105)): was expecting double-quote to start field name","timestamp":"2025-06-29T09:46:23.9333204","status":404}
    Forwarded URL = null
   Redirected URL = null
          Cookies = []
]]></system-out>
  </testcase>
  <testcase name="testConcurrentOperationsSimulation" classname="com.nisum.productDashboard.integration.ProductDashboardAdvancedIntegrationTest" time="0.125">
    <system-out><![CDATA[2025-06-29T09:46:23.977+05:30 DEBUG 23864 --- [productDashboard-test] [           main] s.w.s.m.m.a.RequestMappingHandlerMapping : Mapped to com.nisum.productDashboard.controller.ProductController#createProduct(Product)
2025-06-29T09:46:23.979+05:30 DEBUG 23864 --- [productDashboard-test] [           main] m.m.a.RequestResponseBodyMethodProcessor : Read "application/json;charset=UTF-8" to [Product{id=null, name='Concurrent Test Product', description='Test concurrent operations', price=100 (truncated)...]
2025-06-29T09:46:23.984+05:30 DEBUG 23864 --- [productDashboard-test] [           main] o.s.w.s.m.m.a.HttpEntityMethodProcessor  : Using 'application/json', given [*/*] and supported [application/json, application/*+json]
2025-06-29T09:46:23.985+05:30 DEBUG 23864 --- [productDashboard-test] [           main] o.s.w.s.m.m.a.HttpEntityMethodProcessor  : Writing [Product{id=26, name='Concurrent Test Product', description='Test concurrent operations', price=100.0 (truncated)...]
2025-06-29T09:46:23.988+05:30 DEBUG 23864 --- [productDashboard-test] [           main] s.w.s.m.m.a.RequestMappingHandlerMapping : Mapped to com.nisum.productDashboard.controller.ProductController#getProductById(Long)
2025-06-29T09:46:23.992+05:30 DEBUG 23864 --- [productDashboard-test] [           main] o.s.w.s.m.m.a.HttpEntityMethodProcessor  : Using 'application/json', given [*/*] and supported [application/json, application/*+json]
2025-06-29T09:46:23.992+05:30 DEBUG 23864 --- [productDashboard-test] [           main] o.s.w.s.m.m.a.HttpEntityMethodProcessor  : Writing [Product{id=26, name='Concurrent Test Product', description='Test concurrent operations', price=100.0 (truncated)...]
2025-06-29T09:46:23.996+05:30 DEBUG 23864 --- [productDashboard-test] [           main] s.w.s.m.m.a.RequestMappingHandlerMapping : Mapped to com.nisum.productDashboard.controller.ProductController#getProductById(Long)
2025-06-29T09:46:23.998+05:30 DEBUG 23864 --- [productDashboard-test] [           main] o.s.w.s.m.m.a.HttpEntityMethodProcessor  : Using 'application/json', given [*/*] and supported [application/json, application/*+json]
2025-06-29T09:46:23.999+05:30 DEBUG 23864 --- [productDashboard-test] [           main] o.s.w.s.m.m.a.HttpEntityMethodProcessor  : Writing [Product{id=26, name='Concurrent Test Product', description='Test concurrent operations', price=100.0 (truncated)...]
2025-06-29T09:46:24.003+05:30 DEBUG 23864 --- [productDashboard-test] [           main] s.w.s.m.m.a.RequestMappingHandlerMapping : Mapped to com.nisum.productDashboard.controller.ProductController#getProductById(Long)
2025-06-29T09:46:24.006+05:30 DEBUG 23864 --- [productDashboard-test] [           main] o.s.w.s.m.m.a.HttpEntityMethodProcessor  : Using 'application/json', given [*/*] and supported [application/json, application/*+json]
2025-06-29T09:46:24.007+05:30 DEBUG 23864 --- [productDashboard-test] [           main] o.s.w.s.m.m.a.HttpEntityMethodProcessor  : Writing [Product{id=26, name='Concurrent Test Product', description='Test concurrent operations', price=100.0 (truncated)...]
2025-06-29T09:46:24.012+05:30 DEBUG 23864 --- [productDashboard-test] [           main] s.w.s.m.m.a.RequestMappingHandlerMapping : Mapped to com.nisum.productDashboard.controller.ProductController#getProductById(Long)
2025-06-29T09:46:24.015+05:30 DEBUG 23864 --- [productDashboard-test] [           main] o.s.w.s.m.m.a.HttpEntityMethodProcessor  : Using 'application/json', given [*/*] and supported [application/json, application/*+json]
2025-06-29T09:46:24.016+05:30 DEBUG 23864 --- [productDashboard-test] [           main] o.s.w.s.m.m.a.HttpEntityMethodProcessor  : Writing [Product{id=26, name='Concurrent Test Product', description='Test concurrent operations', price=100.0 (truncated)...]
2025-06-29T09:46:24.019+05:30 DEBUG 23864 --- [productDashboard-test] [           main] s.w.s.m.m.a.RequestMappingHandlerMapping : Mapped to com.nisum.productDashboard.controller.ProductController#getProductById(Long)
2025-06-29T09:46:24.023+05:30 DEBUG 23864 --- [productDashboard-test] [           main] o.s.w.s.m.m.a.HttpEntityMethodProcessor  : Using 'application/json', given [*/*] and supported [application/json, application/*+json]
2025-06-29T09:46:24.024+05:30 DEBUG 23864 --- [productDashboard-test] [           main] o.s.w.s.m.m.a.HttpEntityMethodProcessor  : Writing [Product{id=26, name='Concurrent Test Product', description='Test concurrent operations', price=100.0 (truncated)...]
2025-06-29T09:46:24.031+05:30 DEBUG 23864 --- [productDashboard-test] [           main] s.w.s.m.m.a.RequestMappingHandlerMapping : Mapped to com.nisum.productDashboard.controller.ProductController#updateProduct(Long, Product)
2025-06-29T09:46:24.036+05:30 DEBUG 23864 --- [productDashboard-test] [           main] m.m.a.RequestResponseBodyMethodProcessor : Read "application/json;charset=UTF-8" to [Product{id=null, name='Updated Product 1', description='Updated description 1', price=110.00, stockQ (truncated)...]
2025-06-29T09:46:24.044+05:30 DEBUG 23864 --- [productDashboard-test] [           main] o.s.w.s.m.m.a.HttpEntityMethodProcessor  : Using 'application/json', given [*/*] and supported [application/json, application/*+json]
2025-06-29T09:46:24.046+05:30 DEBUG 23864 --- [productDashboard-test] [           main] o.s.w.s.m.m.a.HttpEntityMethodProcessor  : Writing [Product{id=26, name='Updated Product 1', description='Updated description 1', price=110.00, stockQua (truncated)...]
2025-06-29T09:46:24.053+05:30 DEBUG 23864 --- [productDashboard-test] [           main] s.w.s.m.m.a.RequestMappingHandlerMapping : Mapped to com.nisum.productDashboard.controller.ProductController#updateProduct(Long, Product)
2025-06-29T09:46:24.055+05:30 DEBUG 23864 --- [productDashboard-test] [           main] m.m.a.RequestResponseBodyMethodProcessor : Read "application/json;charset=UTF-8" to [Product{id=null, name='Updated Product 2', description='Updated description 2', price=120.00, stockQ (truncated)...]
2025-06-29T09:46:24.067+05:30 DEBUG 23864 --- [productDashboard-test] [           main] o.s.w.s.m.m.a.HttpEntityMethodProcessor  : Using 'application/json', given [*/*] and supported [application/json, application/*+json]
2025-06-29T09:46:24.068+05:30 DEBUG 23864 --- [productDashboard-test] [           main] o.s.w.s.m.m.a.HttpEntityMethodProcessor  : Writing [Product{id=26, name='Updated Product 2', description='Updated description 2', price=120.00, stockQua (truncated)...]
2025-06-29T09:46:24.072+05:30 DEBUG 23864 --- [productDashboard-test] [           main] s.w.s.m.m.a.RequestMappingHandlerMapping : Mapped to com.nisum.productDashboard.controller.ProductController#updateProduct(Long, Product)
2025-06-29T09:46:24.075+05:30 DEBUG 23864 --- [productDashboard-test] [           main] m.m.a.RequestResponseBodyMethodProcessor : Read "application/json;charset=UTF-8" to [Product{id=null, name='Updated Product 3', description='Updated description 3', price=130.00, stockQ (truncated)...]
2025-06-29T09:46:24.079+05:30 DEBUG 23864 --- [productDashboard-test] [           main] o.s.w.s.m.m.a.HttpEntityMethodProcessor  : Using 'application/json', given [*/*] and supported [application/json, application/*+json]
2025-06-29T09:46:24.079+05:30 DEBUG 23864 --- [productDashboard-test] [           main] o.s.w.s.m.m.a.HttpEntityMethodProcessor  : Writing [Product{id=26, name='Updated Product 3', description='Updated description 3', price=130.00, stockQua (truncated)...]
2025-06-29T09:46:24.083+05:30 DEBUG 23864 --- [productDashboard-test] [           main] s.w.s.m.m.a.RequestMappingHandlerMapping : Mapped to com.nisum.productDashboard.controller.ProductController#getProductById(Long)
2025-06-29T09:46:24.084+05:30 DEBUG 23864 --- [productDashboard-test] [           main] o.s.w.s.m.m.a.HttpEntityMethodProcessor  : Using 'application/json', given [*/*] and supported [application/json, application/*+json]
2025-06-29T09:46:24.084+05:30 DEBUG 23864 --- [productDashboard-test] [           main] o.s.w.s.m.m.a.HttpEntityMethodProcessor  : Writing [Product{id=26, name='Updated Product 3', description='Updated description 3', price=130.00, stockQua (truncated)...]
]]></system-out>
  </testcase>
  <testcase name="testComprehensiveValidation" classname="com.nisum.productDashboard.integration.ProductDashboardAdvancedIntegrationTest" time="0.057">
    <system-out><![CDATA[2025-06-29T09:46:24.103+05:30 DEBUG 23864 --- [productDashboard-test] [           main] s.w.s.m.m.a.RequestMappingHandlerMapping : Mapped to com.nisum.productDashboard.controller.ProductController#createProduct(Product)
2025-06-29T09:46:24.108+05:30 DEBUG 23864 --- [productDashboard-test] [           main] m.m.a.RequestResponseBodyMethodProcessor : Read "application/json;charset=UTF-8" to [Product{id=null, name='', description='Valid description', price=10.00, stockQuantity=5, category='V (truncated)...]
2025-06-29T09:46:24.110+05:30 DEBUG 23864 --- [productDashboard-test] [           main] .m.m.a.ExceptionHandlerExceptionResolver : Using @ExceptionHandler com.nisum.productDashboard.exception.GlobalExceptionHandler#handleValidationExceptions(MethodArgumentNotValidException)
2025-06-29T09:46:24.111+05:30 DEBUG 23864 --- [productDashboard-test] [           main] o.s.w.s.m.m.a.HttpEntityMethodProcessor  : Using 'application/json', given [*/*] and supported [application/json, application/*+json]
2025-06-29T09:46:24.112+05:30 DEBUG 23864 --- [productDashboard-test] [           main] o.s.w.s.m.m.a.HttpEntityMethodProcessor  : Writing [{validationErrors={name=Product name is required}, error=Validation Failed, message=Invalid input da (truncated)...]
2025-06-29T09:46:24.113+05:30 DEBUG 23864 --- [productDashboard-test] [           main] .m.m.a.ExceptionHandlerExceptionResolver : Resolved [org.springframework.web.bind.MethodArgumentNotValidException: Validation failed for argument [0] in public org.springframework.http.ResponseEntity<com.nisum.productDashboard.entity.Product> com.nisum.productDashboard.controller.ProductController.createProduct(com.nisum.productDashboard.entity.Product): [Field error in object 'product' on field 'name': rejected value []; codes [NotBlank.product.name,NotBlank.name,NotBlank.java.lang.String,NotBlank]; arguments [org.springframework.context.support.DefaultMessageSourceResolvable: codes [product.name,name]; arguments []; default message [name]]; default message [Product name is required]] ]
2025-06-29T09:46:24.115+05:30 DEBUG 23864 --- [productDashboard-test] [           main] s.w.s.m.m.a.RequestMappingHandlerMapping : Mapped to com.nisum.productDashboard.controller.ProductController#createProduct(Product)
2025-06-29T09:46:24.117+05:30 DEBUG 23864 --- [productDashboard-test] [           main] m.m.a.RequestResponseBodyMethodProcessor : Read "application/json;charset=UTF-8" to [Product{id=null, name='Valid Name', description='Valid description', price=null, stockQuantity=5, ca (truncated)...]
2025-06-29T09:46:24.119+05:30 DEBUG 23864 --- [productDashboard-test] [           main] .m.m.a.ExceptionHandlerExceptionResolver : Using @ExceptionHandler com.nisum.productDashboard.exception.GlobalExceptionHandler#handleValidationExceptions(MethodArgumentNotValidException)
2025-06-29T09:46:24.119+05:30 DEBUG 23864 --- [productDashboard-test] [           main] o.s.w.s.m.m.a.HttpEntityMethodProcessor  : Using 'application/json', given [*/*] and supported [application/json, application/*+json]
2025-06-29T09:46:24.119+05:30 DEBUG 23864 --- [productDashboard-test] [           main] o.s.w.s.m.m.a.HttpEntityMethodProcessor  : Writing [{validationErrors={price=Price is required}, error=Validation Failed, message=Invalid input data, ti (truncated)...]
2025-06-29T09:46:24.120+05:30 DEBUG 23864 --- [productDashboard-test] [           main] .m.m.a.ExceptionHandlerExceptionResolver : Resolved [org.springframework.web.bind.MethodArgumentNotValidException: Validation failed for argument [0] in public org.springframework.http.ResponseEntity<com.nisum.productDashboard.entity.Product> com.nisum.productDashboard.controller.ProductController.createProduct(com.nisum.productDashboard.entity.Product): [Field error in object 'product' on field 'price': rejected value [null]; codes [NotNull.product.price,NotNull.price,NotNull.java.math.BigDecimal,NotNull]; arguments [org.springframework.context.support.DefaultMessageSourceResolvable: codes [product.price,price]; arguments []; default message [price]]; default message [Price is required]] ]
2025-06-29T09:46:24.122+05:30 DEBUG 23864 --- [productDashboard-test] [           main] s.w.s.m.m.a.RequestMappingHandlerMapping : Mapped to com.nisum.productDashboard.controller.ProductController#createProduct(Product)
2025-06-29T09:46:24.124+05:30 DEBUG 23864 --- [productDashboard-test] [           main] m.m.a.RequestResponseBodyMethodProcessor : Read "application/json;charset=UTF-8" to [Product{id=null, name='Valid Name', description='Valid description', price=10.00, stockQuantity=-1,  (truncated)...]
2025-06-29T09:46:24.125+05:30 DEBUG 23864 --- [productDashboard-test] [           main] .m.m.a.ExceptionHandlerExceptionResolver : Using @ExceptionHandler com.nisum.productDashboard.exception.GlobalExceptionHandler#handleValidationExceptions(MethodArgumentNotValidException)
2025-06-29T09:46:24.126+05:30 DEBUG 23864 --- [productDashboard-test] [           main] o.s.w.s.m.m.a.HttpEntityMethodProcessor  : Using 'application/json', given [*/*] and supported [application/json, application/*+json]
2025-06-29T09:46:24.126+05:30 DEBUG 23864 --- [productDashboard-test] [           main] o.s.w.s.m.m.a.HttpEntityMethodProcessor  : Writing [{validationErrors={stockQuantity=Stock quantity cannot be negative}, error=Validation Failed, messag (truncated)...]
2025-06-29T09:46:24.126+05:30 DEBUG 23864 --- [productDashboard-test] [           main] .m.m.a.ExceptionHandlerExceptionResolver : Resolved [org.springframework.web.bind.MethodArgumentNotValidException: Validation failed for argument [0] in public org.springframework.http.ResponseEntity<com.nisum.productDashboard.entity.Product> com.nisum.productDashboard.controller.ProductController.createProduct(com.nisum.productDashboard.entity.Product): [Field error in object 'product' on field 'stockQuantity': rejected value [-1]; codes [Min.product.stockQuantity,Min.stockQuantity,Min.java.lang.Integer,Min]; arguments [org.springframework.context.support.DefaultMessageSourceResolvable: codes [product.stockQuantity,stockQuantity]; arguments []; default message [stockQuantity],0]; default message [Stock quantity cannot be negative]] ]
2025-06-29T09:46:24.128+05:30 DEBUG 23864 --- [productDashboard-test] [           main] s.w.s.m.m.a.RequestMappingHandlerMapping : Mapped to com.nisum.productDashboard.controller.ProductController#createProduct(Product)
2025-06-29T09:46:24.128+05:30 DEBUG 23864 --- [productDashboard-test] [           main] m.m.a.RequestResponseBodyMethodProcessor : Read "application/json;charset=UTF-8" to [Product{id=null, name='AAAAAAAAAAAAAAAAAAAAAAAAAAAAAAAAAAAAAAAAAAAAAAAAAAAAAAAAAAAAAAAAAAAAAAAAAAAAA (truncated)...]
2025-06-29T09:46:24.129+05:30 DEBUG 23864 --- [productDashboard-test] [           main] .m.m.a.ExceptionHandlerExceptionResolver : Using @ExceptionHandler com.nisum.productDashboard.exception.GlobalExceptionHandler#handleValidationExceptions(MethodArgumentNotValidException)
2025-06-29T09:46:24.130+05:30 DEBUG 23864 --- [productDashboard-test] [           main] o.s.w.s.m.m.a.HttpEntityMethodProcessor  : Using 'application/json', given [*/*] and supported [application/json, application/*+json]
2025-06-29T09:46:24.130+05:30 DEBUG 23864 --- [productDashboard-test] [           main] o.s.w.s.m.m.a.HttpEntityMethodProcessor  : Writing [{validationErrors={name=Product name must not exceed 100 characters}, error=Validation Failed, messa (truncated)...]
2025-06-29T09:46:24.130+05:30 DEBUG 23864 --- [productDashboard-test] [           main] .m.m.a.ExceptionHandlerExceptionResolver : Resolved [org.springframework.web.bind.MethodArgumentNotValidException: Validation failed for argument [0] in public org.springframework.http.ResponseEntity<com.nisum.productDashboard.entity.Product> com.nisum.productDashboard.controller.ProductController.createProduct(com.nisum.productDashboard.entity.Product): [Field error in object 'product' on field 'name': rejected value [AAAAAAAAAAAAAAAAAAAAAAAAAAAAAAAAAAAAAAAAAAAAAAAAAAAAAAAAAAAAAAAAAAAAAAAAAAAAAAAAAAAAAAAAAAAAAAAAAAAAA]; codes [Size.product.name,Size.name,Size.java.lang.String,Size]; arguments [org.springframework.context.support.DefaultMessageSourceResolvable: codes [product.name,name]; arguments []; default message [name],100,0]; default message [Product name must not exceed 100 characters]] ]
2025-06-29T09:46:24.132+05:30 DEBUG 23864 --- [productDashboard-test] [           main] s.w.s.m.m.a.RequestMappingHandlerMapping : Mapped to com.nisum.productDashboard.controller.ProductController#createProduct(Product)
2025-06-29T09:46:24.133+05:30 DEBUG 23864 --- [productDashboard-test] [           main] m.m.a.RequestResponseBodyMethodProcessor : Read "application/json;charset=UTF-8" to [Product{id=null, name='Valid Name', description='AAAAAAAAAAAAAAAAAAAAAAAAAAAAAAAAAAAAAAAAAAAAAAAAAAA (truncated)...]
2025-06-29T09:46:24.133+05:30 DEBUG 23864 --- [productDashboard-test] [           main] .m.m.a.ExceptionHandlerExceptionResolver : Using @ExceptionHandler com.nisum.productDashboard.exception.GlobalExceptionHandler#handleValidationExceptions(MethodArgumentNotValidException)
2025-06-29T09:46:24.134+05:30 DEBUG 23864 --- [productDashboard-test] [           main] o.s.w.s.m.m.a.HttpEntityMethodProcessor  : Using 'application/json', given [*/*] and supported [application/json, application/*+json]
2025-06-29T09:46:24.134+05:30 DEBUG 23864 --- [productDashboard-test] [           main] o.s.w.s.m.m.a.HttpEntityMethodProcessor  : Writing [{validationErrors={description=Description must not exceed 500 characters}, error=Validation Failed, (truncated)...]
2025-06-29T09:46:24.135+05:30 DEBUG 23864 --- [productDashboard-test] [           main] .m.m.a.ExceptionHandlerExceptionResolver : Resolved [org.springframework.web.bind.MethodArgumentNotValidException: Validation failed for argument [0] in public org.springframework.http.ResponseEntity<com.nisum.productDashboard.entity.Product> com.nisum.productDashboard.controller.ProductController.createProduct(com.nisum.productDashboard.entity.Product): [Field error in object 'product' on field 'description': rejected value [AAAAAAAAAAAAAAAAAAAAAAAAAAAAAAAAAAAAAAAAAAAAAAAAAAAAAAAAAAAAAAAAAAAAAAAAAAAAAAAAAAAAAAAAAAAAAAAAAAAAAAAAAAAAAAAAAAAAAAAAAAAAAAAAAAAAAAAAAAAAAAAAAAAAAAAAAAAAAAAAAAAAAAAAAAAAAAAAAAAAAAAAAAAAAAAAAAAAAAAAAAAAAAAAAAAAAAAAAAAAAAAAAAAAAAAAAAAAAAAAAAAAAAAAAAAAAAAAAAAAAAAAAAAAAAAAAAAAAAAAAAAAAAAAAAAAAAAAAAAAAAAAAAAAAAAAAAAAAAAAAAAAAAAAAAAAAAAAAAAAAAAAAAAAAAAAAAAAAAAAAAAAAAAAAAAAAAAAAAAAAAAAAAAAAAAAAAAAAAAAAAAAAAAAAAAAAAAAAAAAAAAAAAAAAAAAAAAAAAAAAAAAAAAAAAAAAAAAAAAAAAAAAAAAAAAAAAAAAAAAAAAAAAAAAAAAAAAAAAAAA]; codes [Size.product.description,Size.description,Size.java.lang.String,Size]; arguments [org.springframework.context.support.DefaultMessageSourceResolvable: codes [product.description,description]; arguments []; default message [description],500,0]; default message [Description must not exceed 500 characters]] ]
2025-06-29T09:46:24.136+05:30 DEBUG 23864 --- [productDashboard-test] [           main] s.w.s.m.m.a.RequestMappingHandlerMapping : Mapped to com.nisum.productDashboard.controller.ProductController#createProduct(Product)
2025-06-29T09:46:24.138+05:30 DEBUG 23864 --- [productDashboard-test] [           main] m.m.a.RequestResponseBodyMethodProcessor : Read "application/json;charset=UTF-8" to [Product{id=null, name='', description='Valid description', price=-5.00, stockQuantity=-10, category= (truncated)...]
2025-06-29T09:46:24.140+05:30 DEBUG 23864 --- [productDashboard-test] [           main] .m.m.a.ExceptionHandlerExceptionResolver : Using @ExceptionHandler com.nisum.productDashboard.exception.GlobalExceptionHandler#handleValidationExceptions(MethodArgumentNotValidException)
2025-06-29T09:46:24.141+05:30 DEBUG 23864 --- [productDashboard-test] [           main] o.s.w.s.m.m.a.HttpEntityMethodProcessor  : Using 'application/json', given [*/*] and supported [application/json, application/*+json]
2025-06-29T09:46:24.141+05:30 DEBUG 23864 --- [productDashboard-test] [           main] o.s.w.s.m.m.a.HttpEntityMethodProcessor  : Writing [{validationErrors={price=Price must be greater than 0, name=Product name is required, stockQuantity= (truncated)...]
2025-06-29T09:46:24.142+05:30 DEBUG 23864 --- [productDashboard-test] [           main] .m.m.a.ExceptionHandlerExceptionResolver : Resolved [org.springframework.web.bind.MethodArgumentNotValidException: Validation failed for argument [0] in public org.springframework.http.ResponseEntity<com.nisum.productDashboard.entity.Product> com.nisum.productDashboard.controller.ProductController.createProduct(com.nisum.productDashboard.entity.Product) with 4 errors: [Field error in object 'product' on field 'name': rejected value []; codes [NotBlank.product.name,NotBlank.name,NotBlank.java.lang.String,NotBlank]; arguments [org.springframework.context.support.DefaultMessageSourceResolvable: codes [product.name,name]; arguments []; default message [name]]; default message [Product name is required]] [Field error in object 'product' on field 'stockQuantity': rejected value [-10]; codes [Min.product.stockQuantity,Min.stockQuantity,Min.java.lang.Integer,Min]; arguments [org.springframework.context.support.DefaultMessageSourceResolvable: codes [product.stockQuantity,stockQuantity]; arguments []; default message [stockQuantity],0]; default message [Stock quantity cannot be negative]] [Field error in object 'product' on field 'category': rejected value []; codes [NotBlank.product.category,NotBlank.category,NotBlank.java.lang.String,NotBlank]; arguments [org.springframework.context.support.DefaultMessageSourceResolvable: codes [product.category,category]; arguments []; default message [category]]; default message [Category is required]] [Field error in object 'product' on field 'price': rejected value [-5.00]; codes [DecimalMin.product.price,DecimalMin.price,DecimalMin.java.math.BigDecimal,DecimalMin]; arguments [org.springframework.context.support.DefaultMessageSourceResolvable: codes [product.price,price]; arguments []; default message [price],false,0.0]; default message [Price must be greater than 0]] ]
]]></system-out>
  </testcase>
  <testcase name="testPerformanceWithLargeDataset" classname="com.nisum.productDashboard.integration.ProductDashboardAdvancedIntegrationTest" time="0.329">
    <system-out><![CDATA[2025-06-29T09:46:24.168+05:30 DEBUG 23864 --- [productDashboard-test] [           main] s.w.s.m.m.a.RequestMappingHandlerMapping : Mapped to com.nisum.productDashboard.controller.ProductController#createProduct(Product)
2025-06-29T09:46:24.169+05:30 DEBUG 23864 --- [productDashboard-test] [           main] m.m.a.RequestResponseBodyMethodProcessor : Read "application/json;charset=UTF-8" to [Product{id=null, name='Product 1', description='Description for product 1', price=10.00, stockQuanti (truncated)...]
2025-06-29T09:46:24.174+05:30 DEBUG 23864 --- [productDashboard-test] [           main] o.s.w.s.m.m.a.HttpEntityMethodProcessor  : Using 'application/json', given [*/*] and supported [application/json, application/*+json]
2025-06-29T09:46:24.175+05:30 DEBUG 23864 --- [productDashboard-test] [           main] o.s.w.s.m.m.a.HttpEntityMethodProcessor  : Writing [Product{id=27, name='Product 1', description='Description for product 1', price=10.00, stockQuantity (truncated)...]
2025-06-29T09:46:24.176+05:30 DEBUG 23864 --- [productDashboard-test] [           main] s.w.s.m.m.a.RequestMappingHandlerMapping : Mapped to com.nisum.productDashboard.controller.ProductController#createProduct(Product)
2025-06-29T09:46:24.178+05:30 DEBUG 23864 --- [productDashboard-test] [           main] m.m.a.RequestResponseBodyMethodProcessor : Read "application/json;charset=UTF-8" to [Product{id=null, name='Product 2', description='Description for product 2', price=20.00, stockQuanti (truncated)...]
2025-06-29T09:46:24.181+05:30 DEBUG 23864 --- [productDashboard-test] [           main] o.s.w.s.m.m.a.HttpEntityMethodProcessor  : Using 'application/json', given [*/*] and supported [application/json, application/*+json]
2025-06-29T09:46:24.181+05:30 DEBUG 23864 --- [productDashboard-test] [           main] o.s.w.s.m.m.a.HttpEntityMethodProcessor  : Writing [Product{id=28, name='Product 2', description='Description for product 2', price=20.00, stockQuantity (truncated)...]
2025-06-29T09:46:24.185+05:30 DEBUG 23864 --- [productDashboard-test] [           main] s.w.s.m.m.a.RequestMappingHandlerMapping : Mapped to com.nisum.productDashboard.controller.ProductController#createProduct(Product)
2025-06-29T09:46:24.187+05:30 DEBUG 23864 --- [productDashboard-test] [           main] m.m.a.RequestResponseBodyMethodProcessor : Read "application/json;charset=UTF-8" to [Product{id=null, name='Product 3', description='Description for product 3', price=30.00, stockQuanti (truncated)...]
2025-06-29T09:46:24.191+05:30 DEBUG 23864 --- [productDashboard-test] [           main] o.s.w.s.m.m.a.HttpEntityMethodProcessor  : Using 'application/json', given [*/*] and supported [application/json, application/*+json]
2025-06-29T09:46:24.191+05:30 DEBUG 23864 --- [productDashboard-test] [           main] o.s.w.s.m.m.a.HttpEntityMethodProcessor  : Writing [Product{id=29, name='Product 3', description='Description for product 3', price=30.00, stockQuantity (truncated)...]
2025-06-29T09:46:24.193+05:30 DEBUG 23864 --- [productDashboard-test] [           main] s.w.s.m.m.a.RequestMappingHandlerMapping : Mapped to com.nisum.productDashboard.controller.ProductController#createProduct(Product)
2025-06-29T09:46:24.193+05:30 DEBUG 23864 --- [productDashboard-test] [           main] m.m.a.RequestResponseBodyMethodProcessor : Read "application/json;charset=UTF-8" to [Product{id=null, name='Product 4', description='Description for product 4', price=40.00, stockQuanti (truncated)...]
2025-06-29T09:46:24.196+05:30 DEBUG 23864 --- [productDashboard-test] [           main] o.s.w.s.m.m.a.HttpEntityMethodProcessor  : Using 'application/json', given [*/*] and supported [application/json, application/*+json]
2025-06-29T09:46:24.197+05:30 DEBUG 23864 --- [productDashboard-test] [           main] o.s.w.s.m.m.a.HttpEntityMethodProcessor  : Writing [Product{id=30, name='Product 4', description='Description for product 4', price=40.00, stockQuantity (truncated)...]
2025-06-29T09:46:24.198+05:30 DEBUG 23864 --- [productDashboard-test] [           main] s.w.s.m.m.a.RequestMappingHandlerMapping : Mapped to com.nisum.productDashboard.controller.ProductController#createProduct(Product)
2025-06-29T09:46:24.199+05:30 DEBUG 23864 --- [productDashboard-test] [           main] m.m.a.RequestResponseBodyMethodProcessor : Read "application/json;charset=UTF-8" to [Product{id=null, name='Product 5', description='Description for product 5', price=50.00, stockQuanti (truncated)...]
2025-06-29T09:46:24.202+05:30 DEBUG 23864 --- [productDashboard-test] [           main] o.s.w.s.m.m.a.HttpEntityMethodProcessor  : Using 'application/json', given [*/*] and supported [application/json, application/*+json]
2025-06-29T09:46:24.202+05:30 DEBUG 23864 --- [productDashboard-test] [           main] o.s.w.s.m.m.a.HttpEntityMethodProcessor  : Writing [Product{id=31, name='Product 5', description='Description for product 5', price=50.00, stockQuantity (truncated)...]
2025-06-29T09:46:24.203+05:30 DEBUG 23864 --- [productDashboard-test] [           main] s.w.s.m.m.a.RequestMappingHandlerMapping : Mapped to com.nisum.productDashboard.controller.ProductController#createProduct(Product)
2025-06-29T09:46:24.205+05:30 DEBUG 23864 --- [productDashboard-test] [           main] m.m.a.RequestResponseBodyMethodProcessor : Read "application/json;charset=UTF-8" to [Product{id=null, name='Product 6', description='Description for product 6', price=60.00, stockQuanti (truncated)...]
2025-06-29T09:46:24.208+05:30 DEBUG 23864 --- [productDashboard-test] [           main] o.s.w.s.m.m.a.HttpEntityMethodProcessor  : Using 'application/json', given [*/*] and supported [application/json, application/*+json]
2025-06-29T09:46:24.209+05:30 DEBUG 23864 --- [productDashboard-test] [           main] o.s.w.s.m.m.a.HttpEntityMethodProcessor  : Writing [Product{id=32, name='Product 6', description='Description for product 6', price=60.00, stockQuantity (truncated)...]
2025-06-29T09:46:24.210+05:30 DEBUG 23864 --- [productDashboard-test] [           main] s.w.s.m.m.a.RequestMappingHandlerMapping : Mapped to com.nisum.productDashboard.controller.ProductController#createProduct(Product)
2025-06-29T09:46:24.211+05:30 DEBUG 23864 --- [productDashboard-test] [           main] m.m.a.RequestResponseBodyMethodProcessor : Read "application/json;charset=UTF-8" to [Product{id=null, name='Product 7', description='Description for product 7', price=70.00, stockQuanti (truncated)...]
2025-06-29T09:46:24.214+05:30 DEBUG 23864 --- [productDashboard-test] [           main] o.s.w.s.m.m.a.HttpEntityMethodProcessor  : Using 'application/json', given [*/*] and supported [application/json, application/*+json]
2025-06-29T09:46:24.215+05:30 DEBUG 23864 --- [productDashboard-test] [           main] o.s.w.s.m.m.a.HttpEntityMethodProcessor  : Writing [Product{id=33, name='Product 7', description='Description for product 7', price=70.00, stockQuantity (truncated)...]
2025-06-29T09:46:24.217+05:30 DEBUG 23864 --- [productDashboard-test] [           main] s.w.s.m.m.a.RequestMappingHandlerMapping : Mapped to com.nisum.productDashboard.controller.ProductController#createProduct(Product)
2025-06-29T09:46:24.218+05:30 DEBUG 23864 --- [productDashboard-test] [           main] m.m.a.RequestResponseBodyMethodProcessor : Read "application/json;charset=UTF-8" to [Product{id=null, name='Product 8', description='Description for product 8', price=80.00, stockQuanti (truncated)...]
2025-06-29T09:46:24.223+05:30 DEBUG 23864 --- [productDashboard-test] [           main] o.s.w.s.m.m.a.HttpEntityMethodProcessor  : Using 'application/json', given [*/*] and supported [application/json, application/*+json]
2025-06-29T09:46:24.224+05:30 DEBUG 23864 --- [productDashboard-test] [           main] o.s.w.s.m.m.a.HttpEntityMethodProcessor  : Writing [Product{id=34, name='Product 8', description='Description for product 8', price=80.00, stockQuantity (truncated)...]
2025-06-29T09:46:24.226+05:30 DEBUG 23864 --- [productDashboard-test] [           main] s.w.s.m.m.a.RequestMappingHandlerMapping : Mapped to com.nisum.productDashboard.controller.ProductController#createProduct(Product)
2025-06-29T09:46:24.227+05:30 DEBUG 23864 --- [productDashboard-test] [           main] m.m.a.RequestResponseBodyMethodProcessor : Read "application/json;charset=UTF-8" to [Product{id=null, name='Product 9', description='Description for product 9', price=90.00, stockQuanti (truncated)...]
2025-06-29T09:46:24.229+05:30 DEBUG 23864 --- [productDashboard-test] [           main] o.s.w.s.m.m.a.HttpEntityMethodProcessor  : Using 'application/json', given [*/*] and supported [application/json, application/*+json]
2025-06-29T09:46:24.229+05:30 DEBUG 23864 --- [productDashboard-test] [           main] o.s.w.s.m.m.a.HttpEntityMethodProcessor  : Writing [Product{id=35, name='Product 9', description='Description for product 9', price=90.00, stockQuantity (truncated)...]
2025-06-29T09:46:24.230+05:30 DEBUG 23864 --- [productDashboard-test] [           main] s.w.s.m.m.a.RequestMappingHandlerMapping : Mapped to com.nisum.productDashboard.controller.ProductController#createProduct(Product)
2025-06-29T09:46:24.231+05:30 DEBUG 23864 --- [productDashboard-test] [           main] m.m.a.RequestResponseBodyMethodProcessor : Read "application/json;charset=UTF-8" to [Product{id=null, name='Product 10', description='Description for product 10', price=100.00, stockQua (truncated)...]
2025-06-29T09:46:24.234+05:30 DEBUG 23864 --- [productDashboard-test] [           main] o.s.w.s.m.m.a.HttpEntityMethodProcessor  : Using 'application/json', given [*/*] and supported [application/json, application/*+json]
2025-06-29T09:46:24.234+05:30 DEBUG 23864 --- [productDashboard-test] [           main] o.s.w.s.m.m.a.HttpEntityMethodProcessor  : Writing [Product{id=36, name='Product 10', description='Description for product 10', price=100.00, stockQuant (truncated)...]
2025-06-29T09:46:24.236+05:30 DEBUG 23864 --- [productDashboard-test] [           main] s.w.s.m.m.a.RequestMappingHandlerMapping : Mapped to com.nisum.productDashboard.controller.ProductController#createProduct(Product)
2025-06-29T09:46:24.236+05:30 DEBUG 23864 --- [productDashboard-test] [           main] m.m.a.RequestResponseBodyMethodProcessor : Read "application/json;charset=UTF-8" to [Product{id=null, name='Product 11', description='Description for product 11', price=110.00, stockQua (truncated)...]
2025-06-29T09:46:24.239+05:30 DEBUG 23864 --- [productDashboard-test] [           main] o.s.w.s.m.m.a.HttpEntityMethodProcessor  : Using 'application/json', given [*/*] and supported [application/json, application/*+json]
2025-06-29T09:46:24.239+05:30 DEBUG 23864 --- [productDashboard-test] [           main] o.s.w.s.m.m.a.HttpEntityMethodProcessor  : Writing [Product{id=37, name='Product 11', description='Description for product 11', price=110.00, stockQuant (truncated)...]
2025-06-29T09:46:24.241+05:30 DEBUG 23864 --- [productDashboard-test] [           main] s.w.s.m.m.a.RequestMappingHandlerMapping : Mapped to com.nisum.productDashboard.controller.ProductController#createProduct(Product)
2025-06-29T09:46:24.242+05:30 DEBUG 23864 --- [productDashboard-test] [           main] m.m.a.RequestResponseBodyMethodProcessor : Read "application/json;charset=UTF-8" to [Product{id=null, name='Product 12', description='Description for product 12', price=120.00, stockQua (truncated)...]
2025-06-29T09:46:24.246+05:30 DEBUG 23864 --- [productDashboard-test] [           main] o.s.w.s.m.m.a.HttpEntityMethodProcessor  : Using 'application/json', given [*/*] and supported [application/json, application/*+json]
2025-06-29T09:46:24.246+05:30 DEBUG 23864 --- [productDashboard-test] [           main] o.s.w.s.m.m.a.HttpEntityMethodProcessor  : Writing [Product{id=38, name='Product 12', description='Description for product 12', price=120.00, stockQuant (truncated)...]
2025-06-29T09:46:24.247+05:30 DEBUG 23864 --- [productDashboard-test] [           main] s.w.s.m.m.a.RequestMappingHandlerMapping : Mapped to com.nisum.productDashboard.controller.ProductController#createProduct(Product)
2025-06-29T09:46:24.248+05:30 DEBUG 23864 --- [productDashboard-test] [           main] m.m.a.RequestResponseBodyMethodProcessor : Read "application/json;charset=UTF-8" to [Product{id=null, name='Product 13', description='Description for product 13', price=130.00, stockQua (truncated)...]
2025-06-29T09:46:24.250+05:30 DEBUG 23864 --- [productDashboard-test] [           main] o.s.w.s.m.m.a.HttpEntityMethodProcessor  : Using 'application/json', given [*/*] and supported [application/json, application/*+json]
2025-06-29T09:46:24.250+05:30 DEBUG 23864 --- [productDashboard-test] [           main] o.s.w.s.m.m.a.HttpEntityMethodProcessor  : Writing [Product{id=39, name='Product 13', description='Description for product 13', price=130.00, stockQuant (truncated)...]
2025-06-29T09:46:24.252+05:30 DEBUG 23864 --- [productDashboard-test] [           main] s.w.s.m.m.a.RequestMappingHandlerMapping : Mapped to com.nisum.productDashboard.controller.ProductController#createProduct(Product)
2025-06-29T09:46:24.252+05:30 DEBUG 23864 --- [productDashboard-test] [           main] m.m.a.RequestResponseBodyMethodProcessor : Read "application/json;charset=UTF-8" to [Product{id=null, name='Product 14', description='Description for product 14', price=140.00, stockQua (truncated)...]
2025-06-29T09:46:24.254+05:30 DEBUG 23864 --- [productDashboard-test] [           main] o.s.w.s.m.m.a.HttpEntityMethodProcessor  : Using 'application/json', given [*/*] and supported [application/json, application/*+json]
2025-06-29T09:46:24.255+05:30 DEBUG 23864 --- [productDashboard-test] [           main] o.s.w.s.m.m.a.HttpEntityMethodProcessor  : Writing [Product{id=40, name='Product 14', description='Description for product 14', price=140.00, stockQuant (truncated)...]
2025-06-29T09:46:24.256+05:30 DEBUG 23864 --- [productDashboard-test] [           main] s.w.s.m.m.a.RequestMappingHandlerMapping : Mapped to com.nisum.productDashboard.controller.ProductController#createProduct(Product)
2025-06-29T09:46:24.257+05:30 DEBUG 23864 --- [productDashboard-test] [           main] m.m.a.RequestResponseBodyMethodProcessor : Read "application/json;charset=UTF-8" to [Product{id=null, name='Product 15', description='Description for product 15', price=150.00, stockQua (truncated)...]
2025-06-29T09:46:24.259+05:30 DEBUG 23864 --- [productDashboard-test] [           main] o.s.w.s.m.m.a.HttpEntityMethodProcessor  : Using 'application/json', given [*/*] and supported [application/json, application/*+json]
2025-06-29T09:46:24.259+05:30 DEBUG 23864 --- [productDashboard-test] [           main] o.s.w.s.m.m.a.HttpEntityMethodProcessor  : Writing [Product{id=41, name='Product 15', description='Description for product 15', price=150.00, stockQuant (truncated)...]
2025-06-29T09:46:24.260+05:30 DEBUG 23864 --- [productDashboard-test] [           main] s.w.s.m.m.a.RequestMappingHandlerMapping : Mapped to com.nisum.productDashboard.controller.ProductController#createProduct(Product)
2025-06-29T09:46:24.262+05:30 DEBUG 23864 --- [productDashboard-test] [           main] m.m.a.RequestResponseBodyMethodProcessor : Read "application/json;charset=UTF-8" to [Product{id=null, name='Product 16', description='Description for product 16', price=160.00, stockQua (truncated)...]
2025-06-29T09:46:24.264+05:30 DEBUG 23864 --- [productDashboard-test] [           main] o.s.w.s.m.m.a.HttpEntityMethodProcessor  : Using 'application/json', given [*/*] and supported [application/json, application/*+json]
2025-06-29T09:46:24.264+05:30 DEBUG 23864 --- [productDashboard-test] [           main] o.s.w.s.m.m.a.HttpEntityMethodProcessor  : Writing [Product{id=42, name='Product 16', description='Description for product 16', price=160.00, stockQuant (truncated)...]
2025-06-29T09:46:24.265+05:30 DEBUG 23864 --- [productDashboard-test] [           main] s.w.s.m.m.a.RequestMappingHandlerMapping : Mapped to com.nisum.productDashboard.controller.ProductController#createProduct(Product)
2025-06-29T09:46:24.266+05:30 DEBUG 23864 --- [productDashboard-test] [           main] m.m.a.RequestResponseBodyMethodProcessor : Read "application/json;charset=UTF-8" to [Product{id=null, name='Product 17', description='Description for product 17', price=170.00, stockQua (truncated)...]
2025-06-29T09:46:24.270+05:30 DEBUG 23864 --- [productDashboard-test] [           main] o.s.w.s.m.m.a.HttpEntityMethodProcessor  : Using 'application/json', given [*/*] and supported [application/json, application/*+json]
2025-06-29T09:46:24.270+05:30 DEBUG 23864 --- [productDashboard-test] [           main] o.s.w.s.m.m.a.HttpEntityMethodProcessor  : Writing [Product{id=43, name='Product 17', description='Description for product 17', price=170.00, stockQuant (truncated)...]
2025-06-29T09:46:24.271+05:30 DEBUG 23864 --- [productDashboard-test] [           main] s.w.s.m.m.a.RequestMappingHandlerMapping : Mapped to com.nisum.productDashboard.controller.ProductController#createProduct(Product)
2025-06-29T09:46:24.272+05:30 DEBUG 23864 --- [productDashboard-test] [           main] m.m.a.RequestResponseBodyMethodProcessor : Read "application/json;charset=UTF-8" to [Product{id=null, name='Product 18', description='Description for product 18', price=180.00, stockQua (truncated)...]
2025-06-29T09:46:24.274+05:30 DEBUG 23864 --- [productDashboard-test] [           main] o.s.w.s.m.m.a.HttpEntityMethodProcessor  : Using 'application/json', given [*/*] and supported [application/json, application/*+json]
2025-06-29T09:46:24.275+05:30 DEBUG 23864 --- [productDashboard-test] [           main] o.s.w.s.m.m.a.HttpEntityMethodProcessor  : Writing [Product{id=44, name='Product 18', description='Description for product 18', price=180.00, stockQuant (truncated)...]
2025-06-29T09:46:24.277+05:30 DEBUG 23864 --- [productDashboard-test] [           main] s.w.s.m.m.a.RequestMappingHandlerMapping : Mapped to com.nisum.productDashboard.controller.ProductController#createProduct(Product)
2025-06-29T09:46:24.277+05:30 DEBUG 23864 --- [productDashboard-test] [           main] m.m.a.RequestResponseBodyMethodProcessor : Read "application/json;charset=UTF-8" to [Product{id=null, name='Product 19', description='Description for product 19', price=190.00, stockQua (truncated)...]
2025-06-29T09:46:24.279+05:30 DEBUG 23864 --- [productDashboard-test] [           main] o.s.w.s.m.m.a.HttpEntityMethodProcessor  : Using 'application/json', given [*/*] and supported [application/json, application/*+json]
2025-06-29T09:46:24.280+05:30 DEBUG 23864 --- [productDashboard-test] [           main] o.s.w.s.m.m.a.HttpEntityMethodProcessor  : Writing [Product{id=45, name='Product 19', description='Description for product 19', price=190.00, stockQuant (truncated)...]
2025-06-29T09:46:24.282+05:30 DEBUG 23864 --- [productDashboard-test] [           main] s.w.s.m.m.a.RequestMappingHandlerMapping : Mapped to com.nisum.productDashboard.controller.ProductController#createProduct(Product)
2025-06-29T09:46:24.283+05:30 DEBUG 23864 --- [productDashboard-test] [           main] m.m.a.RequestResponseBodyMethodProcessor : Read "application/json;charset=UTF-8" to [Product{id=null, name='Product 20', description='Description for product 20', price=200.00, stockQua (truncated)...]
2025-06-29T09:46:24.284+05:30 DEBUG 23864 --- [productDashboard-test] [           main] o.s.w.s.m.m.a.HttpEntityMethodProcessor  : Using 'application/json', given [*/*] and supported [application/json, application/*+json]
2025-06-29T09:46:24.285+05:30 DEBUG 23864 --- [productDashboard-test] [           main] o.s.w.s.m.m.a.HttpEntityMethodProcessor  : Writing [Product{id=46, name='Product 20', description='Description for product 20', price=200.00, stockQuant (truncated)...]
2025-06-29T09:46:24.286+05:30 DEBUG 23864 --- [productDashboard-test] [           main] s.w.s.m.m.a.RequestMappingHandlerMapping : Mapped to com.nisum.productDashboard.controller.ProductController#createProduct(Product)
2025-06-29T09:46:24.287+05:30 DEBUG 23864 --- [productDashboard-test] [           main] m.m.a.RequestResponseBodyMethodProcessor : Read "application/json;charset=UTF-8" to [Product{id=null, name='Product 21', description='Description for product 21', price=210.00, stockQua (truncated)...]
2025-06-29T09:46:24.288+05:30 DEBUG 23864 --- [productDashboard-test] [           main] o.s.w.s.m.m.a.HttpEntityMethodProcessor  : Using 'application/json', given [*/*] and supported [application/json, application/*+json]
2025-06-29T09:46:24.289+05:30 DEBUG 23864 --- [productDashboard-test] [           main] o.s.w.s.m.m.a.HttpEntityMethodProcessor  : Writing [Product{id=47, name='Product 21', description='Description for product 21', price=210.00, stockQuant (truncated)...]
2025-06-29T09:46:24.290+05:30 DEBUG 23864 --- [productDashboard-test] [           main] s.w.s.m.m.a.RequestMappingHandlerMapping : Mapped to com.nisum.productDashboard.controller.ProductController#createProduct(Product)
2025-06-29T09:46:24.291+05:30 DEBUG 23864 --- [productDashboard-test] [           main] m.m.a.RequestResponseBodyMethodProcessor : Read "application/json;charset=UTF-8" to [Product{id=null, name='Product 22', description='Description for product 22', price=220.00, stockQua (truncated)...]
2025-06-29T09:46:24.294+05:30 DEBUG 23864 --- [productDashboard-test] [           main] o.s.w.s.m.m.a.HttpEntityMethodProcessor  : Using 'application/json', given [*/*] and supported [application/json, application/*+json]
2025-06-29T09:46:24.294+05:30 DEBUG 23864 --- [productDashboard-test] [           main] o.s.w.s.m.m.a.HttpEntityMethodProcessor  : Writing [Product{id=48, name='Product 22', description='Description for product 22', price=220.00, stockQuant (truncated)...]
2025-06-29T09:46:24.296+05:30 DEBUG 23864 --- [productDashboard-test] [           main] s.w.s.m.m.a.RequestMappingHandlerMapping : Mapped to com.nisum.productDashboard.controller.ProductController#createProduct(Product)
2025-06-29T09:46:24.296+05:30 DEBUG 23864 --- [productDashboard-test] [           main] m.m.a.RequestResponseBodyMethodProcessor : Read "application/json;charset=UTF-8" to [Product{id=null, name='Product 23', description='Description for product 23', price=230.00, stockQua (truncated)...]
2025-06-29T09:46:24.299+05:30 DEBUG 23864 --- [productDashboard-test] [           main] o.s.w.s.m.m.a.HttpEntityMethodProcessor  : Using 'application/json', given [*/*] and supported [application/json, application/*+json]
2025-06-29T09:46:24.299+05:30 DEBUG 23864 --- [productDashboard-test] [           main] o.s.w.s.m.m.a.HttpEntityMethodProcessor  : Writing [Product{id=49, name='Product 23', description='Description for product 23', price=230.00, stockQuant (truncated)...]
2025-06-29T09:46:24.300+05:30 DEBUG 23864 --- [productDashboard-test] [           main] s.w.s.m.m.a.RequestMappingHandlerMapping : Mapped to com.nisum.productDashboard.controller.ProductController#createProduct(Product)
2025-06-29T09:46:24.301+05:30 DEBUG 23864 --- [productDashboard-test] [           main] m.m.a.RequestResponseBodyMethodProcessor : Read "application/json;charset=UTF-8" to [Product{id=null, name='Product 24', description='Description for product 24', price=240.00, stockQua (truncated)...]
2025-06-29T09:46:24.302+05:30 DEBUG 23864 --- [productDashboard-test] [           main] o.s.w.s.m.m.a.HttpEntityMethodProcessor  : Using 'application/json', given [*/*] and supported [application/json, application/*+json]
2025-06-29T09:46:24.303+05:30 DEBUG 23864 --- [productDashboard-test] [           main] o.s.w.s.m.m.a.HttpEntityMethodProcessor  : Writing [Product{id=50, name='Product 24', description='Description for product 24', price=240.00, stockQuant (truncated)...]
2025-06-29T09:46:24.303+05:30 DEBUG 23864 --- [productDashboard-test] [           main] s.w.s.m.m.a.RequestMappingHandlerMapping : Mapped to com.nisum.productDashboard.controller.ProductController#createProduct(Product)
2025-06-29T09:46:24.305+05:30 DEBUG 23864 --- [productDashboard-test] [           main] m.m.a.RequestResponseBodyMethodProcessor : Read "application/json;charset=UTF-8" to [Product{id=null, name='Product 25', description='Description for product 25', price=250.00, stockQua (truncated)...]
2025-06-29T09:46:24.309+05:30 DEBUG 23864 --- [productDashboard-test] [           main] o.s.w.s.m.m.a.HttpEntityMethodProcessor  : Using 'application/json', given [*/*] and supported [application/json, application/*+json]
2025-06-29T09:46:24.309+05:30 DEBUG 23864 --- [productDashboard-test] [           main] o.s.w.s.m.m.a.HttpEntityMethodProcessor  : Writing [Product{id=51, name='Product 25', description='Description for product 25', price=250.00, stockQuant (truncated)...]
2025-06-29T09:46:24.312+05:30 DEBUG 23864 --- [productDashboard-test] [           main] s.w.s.m.m.a.RequestMappingHandlerMapping : Mapped to com.nisum.productDashboard.controller.ProductController#createProduct(Product)
2025-06-29T09:46:24.313+05:30 DEBUG 23864 --- [productDashboard-test] [           main] m.m.a.RequestResponseBodyMethodProcessor : Read "application/json;charset=UTF-8" to [Product{id=null, name='Product 26', description='Description for product 26', price=260.00, stockQua (truncated)...]
2025-06-29T09:46:24.318+05:30 DEBUG 23864 --- [productDashboard-test] [           main] o.s.w.s.m.m.a.HttpEntityMethodProcessor  : Using 'application/json', given [*/*] and supported [application/json, application/*+json]
2025-06-29T09:46:24.318+05:30 DEBUG 23864 --- [productDashboard-test] [           main] o.s.w.s.m.m.a.HttpEntityMethodProcessor  : Writing [Product{id=52, name='Product 26', description='Description for product 26', price=260.00, stockQuant (truncated)...]
2025-06-29T09:46:24.321+05:30 DEBUG 23864 --- [productDashboard-test] [           main] s.w.s.m.m.a.RequestMappingHandlerMapping : Mapped to com.nisum.productDashboard.controller.ProductController#createProduct(Product)
2025-06-29T09:46:24.322+05:30 DEBUG 23864 --- [productDashboard-test] [           main] m.m.a.RequestResponseBodyMethodProcessor : Read "application/json;charset=UTF-8" to [Product{id=null, name='Product 27', description='Description for product 27', price=270.00, stockQua (truncated)...]
2025-06-29T09:46:24.326+05:30 DEBUG 23864 --- [productDashboard-test] [           main] o.s.w.s.m.m.a.HttpEntityMethodProcessor  : Using 'application/json', given [*/*] and supported [application/json, application/*+json]
2025-06-29T09:46:24.326+05:30 DEBUG 23864 --- [productDashboard-test] [           main] o.s.w.s.m.m.a.HttpEntityMethodProcessor  : Writing [Product{id=53, name='Product 27', description='Description for product 27', price=270.00, stockQuant (truncated)...]
2025-06-29T09:46:24.328+05:30 DEBUG 23864 --- [productDashboard-test] [           main] s.w.s.m.m.a.RequestMappingHandlerMapping : Mapped to com.nisum.productDashboard.controller.ProductController#createProduct(Product)
2025-06-29T09:46:24.331+05:30 DEBUG 23864 --- [productDashboard-test] [           main] m.m.a.RequestResponseBodyMethodProcessor : Read "application/json;charset=UTF-8" to [Product{id=null, name='Product 28', description='Description for product 28', price=280.00, stockQua (truncated)...]
2025-06-29T09:46:24.333+05:30 DEBUG 23864 --- [productDashboard-test] [           main] o.s.w.s.m.m.a.HttpEntityMethodProcessor  : Using 'application/json', given [*/*] and supported [application/json, application/*+json]
2025-06-29T09:46:24.333+05:30 DEBUG 23864 --- [productDashboard-test] [           main] o.s.w.s.m.m.a.HttpEntityMethodProcessor  : Writing [Product{id=54, name='Product 28', description='Description for product 28', price=280.00, stockQuant (truncated)...]
2025-06-29T09:46:24.336+05:30 DEBUG 23864 --- [productDashboard-test] [           main] s.w.s.m.m.a.RequestMappingHandlerMapping : Mapped to com.nisum.productDashboard.controller.ProductController#createProduct(Product)
2025-06-29T09:46:24.337+05:30 DEBUG 23864 --- [productDashboard-test] [           main] m.m.a.RequestResponseBodyMethodProcessor : Read "application/json;charset=UTF-8" to [Product{id=null, name='Product 29', description='Description for product 29', price=290.00, stockQua (truncated)...]
2025-06-29T09:46:24.339+05:30 DEBUG 23864 --- [productDashboard-test] [           main] o.s.w.s.m.m.a.HttpEntityMethodProcessor  : Using 'application/json', given [*/*] and supported [application/json, application/*+json]
2025-06-29T09:46:24.339+05:30 DEBUG 23864 --- [productDashboard-test] [           main] o.s.w.s.m.m.a.HttpEntityMethodProcessor  : Writing [Product{id=55, name='Product 29', description='Description for product 29', price=290.00, stockQuant (truncated)...]
2025-06-29T09:46:24.341+05:30 DEBUG 23864 --- [productDashboard-test] [           main] s.w.s.m.m.a.RequestMappingHandlerMapping : Mapped to com.nisum.productDashboard.controller.ProductController#createProduct(Product)
2025-06-29T09:46:24.343+05:30 DEBUG 23864 --- [productDashboard-test] [           main] m.m.a.RequestResponseBodyMethodProcessor : Read "application/json;charset=UTF-8" to [Product{id=null, name='Product 30', description='Description for product 30', price=300.00, stockQua (truncated)...]
2025-06-29T09:46:24.345+05:30 DEBUG 23864 --- [productDashboard-test] [           main] o.s.w.s.m.m.a.HttpEntityMethodProcessor  : Using 'application/json', given [*/*] and supported [application/json, application/*+json]
2025-06-29T09:46:24.345+05:30 DEBUG 23864 --- [productDashboard-test] [           main] o.s.w.s.m.m.a.HttpEntityMethodProcessor  : Writing [Product{id=56, name='Product 30', description='Description for product 30', price=300.00, stockQuant (truncated)...]
2025-06-29T09:46:24.347+05:30 DEBUG 23864 --- [productDashboard-test] [           main] s.w.s.m.m.a.RequestMappingHandlerMapping : Mapped to com.nisum.productDashboard.controller.ProductController#createProduct(Product)
2025-06-29T09:46:24.348+05:30 DEBUG 23864 --- [productDashboard-test] [           main] m.m.a.RequestResponseBodyMethodProcessor : Read "application/json;charset=UTF-8" to [Product{id=null, name='Product 31', description='Description for product 31', price=310.00, stockQua (truncated)...]
2025-06-29T09:46:24.350+05:30 DEBUG 23864 --- [productDashboard-test] [           main] o.s.w.s.m.m.a.HttpEntityMethodProcessor  : Using 'application/json', given [*/*] and supported [application/json, application/*+json]
2025-06-29T09:46:24.350+05:30 DEBUG 23864 --- [productDashboard-test] [           main] o.s.w.s.m.m.a.HttpEntityMethodProcessor  : Writing [Product{id=57, name='Product 31', description='Description for product 31', price=310.00, stockQuant (truncated)...]
2025-06-29T09:46:24.355+05:30 DEBUG 23864 --- [productDashboard-test] [           main] s.w.s.m.m.a.RequestMappingHandlerMapping : Mapped to com.nisum.productDashboard.controller.ProductController#createProduct(Product)
2025-06-29T09:46:24.356+05:30 DEBUG 23864 --- [productDashboard-test] [           main] m.m.a.RequestResponseBodyMethodProcessor : Read "application/json;charset=UTF-8" to [Product{id=null, name='Product 32', description='Description for product 32', price=320.00, stockQua (truncated)...]
2025-06-29T09:46:24.358+05:30 DEBUG 23864 --- [productDashboard-test] [           main] o.s.w.s.m.m.a.HttpEntityMethodProcessor  : Using 'application/json', given [*/*] and supported [application/json, application/*+json]
2025-06-29T09:46:24.358+05:30 DEBUG 23864 --- [productDashboard-test] [           main] o.s.w.s.m.m.a.HttpEntityMethodProcessor  : Writing [Product{id=58, name='Product 32', description='Description for product 32', price=320.00, stockQuant (truncated)...]
2025-06-29T09:46:24.361+05:30 DEBUG 23864 --- [productDashboard-test] [           main] s.w.s.m.m.a.RequestMappingHandlerMapping : Mapped to com.nisum.productDashboard.controller.ProductController#createProduct(Product)
2025-06-29T09:46:24.362+05:30 DEBUG 23864 --- [productDashboard-test] [           main] m.m.a.RequestResponseBodyMethodProcessor : Read "application/json;charset=UTF-8" to [Product{id=null, name='Product 33', description='Description for product 33', price=330.00, stockQua (truncated)...]
2025-06-29T09:46:24.364+05:30 DEBUG 23864 --- [productDashboard-test] [           main] o.s.w.s.m.m.a.HttpEntityMethodProcessor  : Using 'application/json', given [*/*] and supported [application/json, application/*+json]
2025-06-29T09:46:24.364+05:30 DEBUG 23864 --- [productDashboard-test] [           main] o.s.w.s.m.m.a.HttpEntityMethodProcessor  : Writing [Product{id=59, name='Product 33', description='Description for product 33', price=330.00, stockQuant (truncated)...]
2025-06-29T09:46:24.366+05:30 DEBUG 23864 --- [productDashboard-test] [           main] s.w.s.m.m.a.RequestMappingHandlerMapping : Mapped to com.nisum.productDashboard.controller.ProductController#createProduct(Product)
2025-06-29T09:46:24.367+05:30 DEBUG 23864 --- [productDashboard-test] [           main] m.m.a.RequestResponseBodyMethodProcessor : Read "application/json;charset=UTF-8" to [Product{id=null, name='Product 34', description='Description for product 34', price=340.00, stockQua (truncated)...]
2025-06-29T09:46:24.369+05:30 DEBUG 23864 --- [productDashboard-test] [           main] o.s.w.s.m.m.a.HttpEntityMethodProcessor  : Using 'application/json', given [*/*] and supported [application/json, application/*+json]
2025-06-29T09:46:24.370+05:30 DEBUG 23864 --- [productDashboard-test] [           main] o.s.w.s.m.m.a.HttpEntityMethodProcessor  : Writing [Product{id=60, name='Product 34', description='Description for product 34', price=340.00, stockQuant (truncated)...]
2025-06-29T09:46:24.371+05:30 DEBUG 23864 --- [productDashboard-test] [           main] s.w.s.m.m.a.RequestMappingHandlerMapping : Mapped to com.nisum.productDashboard.controller.ProductController#createProduct(Product)
2025-06-29T09:46:24.372+05:30 DEBUG 23864 --- [productDashboard-test] [           main] m.m.a.RequestResponseBodyMethodProcessor : Read "application/json;charset=UTF-8" to [Product{id=null, name='Product 35', description='Description for product 35', price=350.00, stockQua (truncated)...]
2025-06-29T09:46:24.374+05:30 DEBUG 23864 --- [productDashboard-test] [           main] o.s.w.s.m.m.a.HttpEntityMethodProcessor  : Using 'application/json', given [*/*] and supported [application/json, application/*+json]
2025-06-29T09:46:24.376+05:30 DEBUG 23864 --- [productDashboard-test] [           main] o.s.w.s.m.m.a.HttpEntityMethodProcessor  : Writing [Product{id=61, name='Product 35', description='Description for product 35', price=350.00, stockQuant (truncated)...]
2025-06-29T09:46:24.377+05:30 DEBUG 23864 --- [productDashboard-test] [           main] s.w.s.m.m.a.RequestMappingHandlerMapping : Mapped to com.nisum.productDashboard.controller.ProductController#createProduct(Product)
2025-06-29T09:46:24.377+05:30 DEBUG 23864 --- [productDashboard-test] [           main] m.m.a.RequestResponseBodyMethodProcessor : Read "application/json;charset=UTF-8" to [Product{id=null, name='Product 36', description='Description for product 36', price=360.00, stockQua (truncated)...]
2025-06-29T09:46:24.378+05:30 DEBUG 23864 --- [productDashboard-test] [           main] o.s.w.s.m.m.a.HttpEntityMethodProcessor  : Using 'application/json', given [*/*] and supported [application/json, application/*+json]
2025-06-29T09:46:24.378+05:30 DEBUG 23864 --- [productDashboard-test] [           main] o.s.w.s.m.m.a.HttpEntityMethodProcessor  : Writing [Product{id=62, name='Product 36', description='Description for product 36', price=360.00, stockQuant (truncated)...]
2025-06-29T09:46:24.380+05:30 DEBUG 23864 --- [productDashboard-test] [           main] s.w.s.m.m.a.RequestMappingHandlerMapping : Mapped to com.nisum.productDashboard.controller.ProductController#createProduct(Product)
2025-06-29T09:46:24.381+05:30 DEBUG 23864 --- [productDashboard-test] [           main] m.m.a.RequestResponseBodyMethodProcessor : Read "application/json;charset=UTF-8" to [Product{id=null, name='Product 37', description='Description for product 37', price=370.00, stockQua (truncated)...]
2025-06-29T09:46:24.383+05:30 DEBUG 23864 --- [productDashboard-test] [           main] o.s.w.s.m.m.a.HttpEntityMethodProcessor  : Using 'application/json', given [*/*] and supported [application/json, application/*+json]
2025-06-29T09:46:24.384+05:30 DEBUG 23864 --- [productDashboard-test] [           main] o.s.w.s.m.m.a.HttpEntityMethodProcessor  : Writing [Product{id=63, name='Product 37', description='Description for product 37', price=370.00, stockQuant (truncated)...]
2025-06-29T09:46:24.385+05:30 DEBUG 23864 --- [productDashboard-test] [           main] s.w.s.m.m.a.RequestMappingHandlerMapping : Mapped to com.nisum.productDashboard.controller.ProductController#createProduct(Product)
2025-06-29T09:46:24.386+05:30 DEBUG 23864 --- [productDashboard-test] [           main] m.m.a.RequestResponseBodyMethodProcessor : Read "application/json;charset=UTF-8" to [Product{id=null, name='Product 38', description='Description for product 38', price=380.00, stockQua (truncated)...]
2025-06-29T09:46:24.389+05:30 DEBUG 23864 --- [productDashboard-test] [           main] o.s.w.s.m.m.a.HttpEntityMethodProcessor  : Using 'application/json', given [*/*] and supported [application/json, application/*+json]
2025-06-29T09:46:24.389+05:30 DEBUG 23864 --- [productDashboard-test] [           main] o.s.w.s.m.m.a.HttpEntityMethodProcessor  : Writing [Product{id=64, name='Product 38', description='Description for product 38', price=380.00, stockQuant (truncated)...]
2025-06-29T09:46:24.391+05:30 DEBUG 23864 --- [productDashboard-test] [           main] s.w.s.m.m.a.RequestMappingHandlerMapping : Mapped to com.nisum.productDashboard.controller.ProductController#createProduct(Product)
2025-06-29T09:46:24.391+05:30 DEBUG 23864 --- [productDashboard-test] [           main] m.m.a.RequestResponseBodyMethodProcessor : Read "application/json;charset=UTF-8" to [Product{id=null, name='Product 39', description='Description for product 39', price=390.00, stockQua (truncated)...]
2025-06-29T09:46:24.394+05:30 DEBUG 23864 --- [productDashboard-test] [           main] o.s.w.s.m.m.a.HttpEntityMethodProcessor  : Using 'application/json', given [*/*] and supported [application/json, application/*+json]
[...]
2025-06-29T09:46:24.398+05:30 DEBUG 23864 --- [productDashboard-test] [           main] o.s.w.s.m.m.a.HttpEntityMethodProcessor  : Using 'application/json', given [*/*] and supported [application/json, application/*+json]
2025-06-29T09:46:24.398+05:30 DEBUG 23864 --- [productDashboard-test] [           main] o.s.w.s.m.m.a.HttpEntityMethodProcessor  : Writing [Product{id=66, name='Product 40', description='Description for product 40', price=400.00, stockQuant (truncated)...]
2025-06-29T09:46:24.399+05:30 DEBUG 23864 --- [productDashboard-test] [           main] s.w.s.m.m.a.RequestMappingHandlerMapping : Mapped to com.nisum.productDashboard.controller.ProductController#createProduct(Product)
2025-06-29T09:46:24.399+05:30 DEBUG 23864 --- [productDashboard-test] [           main] m.m.a.RequestResponseBodyMethodProcessor : Read "application/json;charset=UTF-8" to [Product{id=null, name='Product 41', description='Description for product 41', price=410.00, stockQua (truncated)...]
2025-06-29T09:46:24.401+05:30 DEBUG 23864 --- [productDashboard-test] [           main] o.s.w.s.m.m.a.HttpEntityMethodProcessor  : Using 'application/json', given [*/*] and supported [application/json, application/*+json]
2025-06-29T09:46:24.402+05:30 DEBUG 23864 --- [productDashboard-test] [           main] o.s.w.s.m.m.a.HttpEntityMethodProcessor  : Writing [Product{id=67, name='Product 41', description='Description for product 41', price=410.00, stockQuant (truncated)...]
2025-06-29T09:46:24.403+05:30 DEBUG 23864 --- [productDashboard-test] [           main] s.w.s.m.m.a.RequestMappingHandlerMapping : Mapped to com.nisum.productDashboard.controller.ProductController#createProduct(Product)
2025-06-29T09:46:24.403+05:30 DEBUG 23864 --- [productDashboard-test] [           main] m.m.a.RequestResponseBodyMethodProcessor : Read "application/json;charset=UTF-8" to [Product{id=null, name='Product 42', description='Description for product 42', price=420.00, stockQua (truncated)...]
2025-06-29T09:46:24.406+05:30 DEBUG 23864 --- [productDashboard-test] [           main] o.s.w.s.m.m.a.HttpEntityMethodProcessor  : Using 'application/json', given [*/*] and supported [application/json, application/*+json]
2025-06-29T09:46:24.406+05:30 DEBUG 23864 --- [productDashboard-test] [           main] o.s.w.s.m.m.a.HttpEntityMethodProcessor  : Writing [Product{id=68, name='Product 42', description='Description for product 42', price=420.00, stockQuant (truncated)...]
2025-06-29T09:46:24.408+05:30 DEBUG 23864 --- [productDashboard-test] [           main] s.w.s.m.m.a.RequestMappingHandlerMapping : Mapped to com.nisum.productDashboard.controller.ProductController#createProduct(Product)
2025-06-29T09:46:24.409+05:30 DEBUG 23864 --- [productDashboard-test] [           main] m.m.a.RequestResponseBodyMethodProcessor : Read "application/json;charset=UTF-8" to [Product{id=null, name='Product 43', description='Description for product 43', price=430.00, stockQua (truncated)...]
2025-06-29T09:46:24.411+05:30 DEBUG 23864 --- [productDashboard-test] [           main] o.s.w.s.m.m.a.HttpEntityMethodProcessor  : Using 'application/json', given [*/*] and supported [application/json, application/*+json]
2025-06-29T09:46:24.411+05:30 DEBUG 23864 --- [productDashboard-test] [           main] o.s.w.s.m.m.a.HttpEntityMethodProcessor  : Writing [Product{id=69, name='Product 43', description='Description for product 43', price=430.00, stockQuant (truncated)...]
2025-06-29T09:46:24.413+05:30 DEBUG 23864 --- [productDashboard-test] [           main] s.w.s.m.m.a.RequestMappingHandlerMapping : Mapped to com.nisum.productDashboard.controller.ProductController#createProduct(Product)
2025-06-29T09:46:24.415+05:30 DEBUG 23864 --- [productDashboard-test] [           main] m.m.a.RequestResponseBodyMethodProcessor : Read "application/json;charset=UTF-8" to [Product{id=null, name='Product 44', description='Description for product 44', price=440.00, stockQua (truncated)...]
2025-06-29T09:46:24.418+05:30 DEBUG 23864 --- [productDashboard-test] [           main] o.s.w.s.m.m.a.HttpEntityMethodProcessor  : Using 'application/json', given [*/*] and supported [application/json, application/*+json]
2025-06-29T09:46:24.419+05:30 DEBUG 23864 --- [productDashboard-test] [           main] o.s.w.s.m.m.a.HttpEntityMethodProcessor  : Writing [Product{id=70, name='Product 44', description='Description for product 44', price=440.00, stockQuant (truncated)...]
2025-06-29T09:46:24.422+05:30 DEBUG 23864 --- [productDashboard-test] [           main] s.w.s.m.m.a.RequestMappingHandlerMapping : Mapped to com.nisum.productDashboard.controller.ProductController#createProduct(Product)
2025-06-29T09:46:24.422+05:30 DEBUG 23864 --- [productDashboard-test] [           main] m.m.a.RequestResponseBodyMethodProcessor : Read "application/json;charset=UTF-8" to [Product{id=null, name='Product 45', description='Description for product 45', price=450.00, stockQua (truncated)...]
2025-06-29T09:46:24.424+05:30 DEBUG 23864 --- [productDashboard-test] [           main] o.s.w.s.m.m.a.HttpEntityMethodProcessor  : Using 'application/json', given [*/*] and supported [application/json, application/*+json]
2025-06-29T09:46:24.424+05:30 DEBUG 23864 --- [productDashboard-test] [           main] o.s.w.s.m.m.a.HttpEntityMethodProcessor  : Writing [Product{id=71, name='Product 45', description='Description for product 45', price=450.00, stockQuant (truncated)...]
2025-06-29T09:46:24.426+05:30 DEBUG 23864 --- [productDashboard-test] [           main] s.w.s.m.m.a.RequestMappingHandlerMapping : Mapped to com.nisum.productDashboard.controller.ProductController#createProduct(Product)
2025-06-29T09:46:24.427+05:30 DEBUG 23864 --- [productDashboard-test] [           main] m.m.a.RequestResponseBodyMethodProcessor : Read "application/json;charset=UTF-8" to [Product{id=null, name='Product 46', description='Description for product 46', price=460.00, stockQua (truncated)...]
2025-06-29T09:46:24.429+05:30 DEBUG 23864 --- [productDashboard-test] [           main] o.s.w.s.m.m.a.HttpEntityMethodProcessor  : Using 'application/json', given [*/*] and supported [application/json, application/*+json]
2025-06-29T09:46:24.429+05:30 DEBUG 23864 --- [productDashboard-test] [           main] o.s.w.s.m.m.a.HttpEntityMethodProcessor  : Writing [Product{id=72, name='Product 46', description='Description for product 46', price=460.00, stockQuant (truncated)...]
2025-06-29T09:46:24.430+05:30 DEBUG 23864 --- [productDashboard-test] [           main] s.w.s.m.m.a.RequestMappingHandlerMapping : Mapped to com.nisum.productDashboard.controller.ProductController#createProduct(Product)
2025-06-29T09:46:24.430+05:30 DEBUG 23864 --- [productDashboard-test] [           main] m.m.a.RequestResponseBodyMethodProcessor : Read "application/json;charset=UTF-8" to [Product{id=null, name='Product 47', description='Description for product 47', price=470.00, stockQua (truncated)...]
2025-06-29T09:46:24.434+05:30 DEBUG 23864 --- [productDashboard-test] [           main] o.s.w.s.m.m.a.HttpEntityMethodProcessor  : Using 'application/json', given [*/*] and supported [application/json, application/*+json]
2025-06-29T09:46:24.434+05:30 DEBUG 23864 --- [productDashboard-test] [           main] o.s.w.s.m.m.a.HttpEntityMethodProcessor  : Writing [Product{id=73, name='Product 47', description='Description for product 47', price=470.00, stockQuant (truncated)...]
2025-06-29T09:46:24.436+05:30 DEBUG 23864 --- [productDashboard-test] [           main] s.w.s.m.m.a.RequestMappingHandlerMapping : Mapped to com.nisum.productDashboard.controller.ProductController#createProduct(Product)
2025-06-29T09:46:24.437+05:30 DEBUG 23864 --- [productDashboard-test] [           main] m.m.a.RequestResponseBodyMethodProcessor : Read "application/json;charset=UTF-8" to [Product{id=null, name='Product 48', description='Description for product 48', price=480.00, stockQua (truncated)...]
2025-06-29T09:46:24.440+05:30 DEBUG 23864 --- [productDashboard-test] [           main] o.s.w.s.m.m.a.HttpEntityMethodProcessor  : Using 'application/json', given [*/*] and supported [application/json, application/*+json]
2025-06-29T09:46:24.440+05:30 DEBUG 23864 --- [productDashboard-test] [           main] o.s.w.s.m.m.a.HttpEntityMethodProcessor  : Writing [Product{id=74, name='Product 48', description='Description for product 48', price=480.00, stockQuant (truncated)...]
2025-06-29T09:46:24.441+05:30 DEBUG 23864 --- [productDashboard-test] [           main] s.w.s.m.m.a.RequestMappingHandlerMapping : Mapped to com.nisum.productDashboard.controller.ProductController#createProduct(Product)
2025-06-29T09:46:24.442+05:30 DEBUG 23864 --- [productDashboard-test] [           main] m.m.a.RequestResponseBodyMethodProcessor : Read "application/json;charset=UTF-8" to [Product{id=null, name='Product 49', description='Description for product 49', price=490.00, stockQua (truncated)...]
2025-06-29T09:46:24.446+05:30 DEBUG 23864 --- [productDashboard-test] [           main] o.s.w.s.m.m.a.HttpEntityMethodProcessor  : Using 'application/json', given [*/*] and supported [application/json, application/*+json]
2025-06-29T09:46:24.446+05:30 DEBUG 23864 --- [productDashboard-test] [           main] o.s.w.s.m.m.a.HttpEntityMethodProcessor  : Writing [Product{id=75, name='Product 49', description='Description for product 49', price=490.00, stockQuant (truncated)...]
2025-06-29T09:46:24.447+05:30 DEBUG 23864 --- [productDashboard-test] [           main] s.w.s.m.m.a.RequestMappingHandlerMapping : Mapped to com.nisum.productDashboard.controller.ProductController#createProduct(Product)
2025-06-29T09:46:24.448+05:30 DEBUG 23864 --- [productDashboard-test] [           main] m.m.a.RequestResponseBodyMethodProcessor : Read "application/json;charset=UTF-8" to [Product{id=null, name='Product 50', description='Description for product 50', price=500.00, stockQua (truncated)...]
2025-06-29T09:46:24.452+05:30 DEBUG 23864 --- [productDashboard-test] [           main] o.s.w.s.m.m.a.HttpEntityMethodProcessor  : Using 'application/json', given [*/*] and supported [application/json, application/*+json]
2025-06-29T09:46:24.452+05:30 DEBUG 23864 --- [productDashboard-test] [           main] o.s.w.s.m.m.a.HttpEntityMethodProcessor  : Writing [Product{id=76, name='Product 50', description='Description for product 50', price=500.00, stockQuant (truncated)...]
2025-06-29T09:46:24.453+05:30 DEBUG 23864 --- [productDashboard-test] [           main] s.w.s.m.m.a.RequestMappingHandlerMapping : Mapped to com.nisum.productDashboard.controller.ProductController#getAllProducts()
2025-06-29T09:46:24.459+05:30 DEBUG 23864 --- [productDashboard-test] [           main] o.s.w.s.m.m.a.HttpEntityMethodProcessor  : Using 'application/json', given [*/*] and supported [application/json, application/*+json]
2025-06-29T09:46:24.459+05:30 DEBUG 23864 --- [productDashboard-test] [           main] o.s.w.s.m.m.a.HttpEntityMethodProcessor  : Writing [[Product{id=27, name='Product 1', description='Description for product 1', price=10.00, stockQuantit (truncated)...]
2025-06-29T09:46:24.463+05:30 DEBUG 23864 --- [productDashboard-test] [           main] s.w.s.m.m.a.RequestMappingHandlerMapping : Mapped to com.nisum.productDashboard.controller.ProductController#getProductsByCategory(String)
2025-06-29T09:46:24.468+05:30 DEBUG 23864 --- [productDashboard-test] [           main] o.s.w.s.m.m.a.HttpEntityMethodProcessor  : Using 'application/json', given [*/*] and supported [application/json, application/*+json]
2025-06-29T09:46:24.468+05:30 DEBUG 23864 --- [productDashboard-test] [           main] o.s.w.s.m.m.a.HttpEntityMethodProcessor  : Writing [[Product{id=28, name='Product 2', description='Description for product 2', price=20.00, stockQuantit (truncated)...]
2025-06-29T09:46:24.471+05:30 DEBUG 23864 --- [productDashboard-test] [           main] s.w.s.m.m.a.RequestMappingHandlerMapping : Mapped to com.nisum.productDashboard.controller.ProductController#getProductsByCategory(String)
2025-06-29T09:46:24.475+05:30 DEBUG 23864 --- [productDashboard-test] [           main] o.s.w.s.m.m.a.HttpEntityMethodProcessor  : Using 'application/json', given [*/*] and supported [application/json, application/*+json]
2025-06-29T09:46:24.475+05:30 DEBUG 23864 --- [productDashboard-test] [           main] o.s.w.s.m.m.a.HttpEntityMethodProcessor  : Writing [[Product{id=27, name='Product 1', description='Description for product 1', price=10.00, stockQuantit (truncated)...]
]]></system-out>
  </testcase>
  <testcase name="testBulkProductOperations" classname="com.nisum.productDashboard.integration.ProductDashboardAdvancedIntegrationTest" time="0.054">
    <system-out><![CDATA[2025-06-29T09:46:24.495+05:30 DEBUG 23864 --- [productDashboard-test] [           main] s.w.s.m.m.a.RequestMappingHandlerMapping : Mapped to com.nisum.productDashboard.controller.ProductController#createProduct(Product)
2025-06-29T09:46:24.496+05:30 DEBUG 23864 --- [productDashboard-test] [           main] m.m.a.RequestResponseBodyMethodProcessor : Read "application/json;charset=UTF-8" to [Product{id=null, name='MacBook Pro', description='Apple laptop', price=2499.99, stockQuantity=15, ca (truncated)...]
2025-06-29T09:46:24.501+05:30 DEBUG 23864 --- [productDashboard-test] [           main] o.s.w.s.m.m.a.HttpEntityMethodProcessor  : Using 'application/json', given [*/*] and supported [application/json, application/*+json]
2025-06-29T09:46:24.501+05:30 DEBUG 23864 --- [productDashboard-test] [           main] o.s.w.s.m.m.a.HttpEntityMethodProcessor  : Writing [Product{id=77, name='MacBook Pro', description='Apple laptop', price=2499.99, stockQuantity=15, cate (truncated)...]
2025-06-29T09:46:24.503+05:30 DEBUG 23864 --- [productDashboard-test] [           main] s.w.s.m.m.a.RequestMappingHandlerMapping : Mapped to com.nisum.productDashboard.controller.ProductController#createProduct(Product)
2025-06-29T09:46:24.503+05:30 DEBUG 23864 --- [productDashboard-test] [           main] m.m.a.RequestResponseBodyMethodProcessor : Read "application/json;charset=UTF-8" to [Product{id=null, name='iPhone 15', description='Latest iPhone', price=999.99, stockQuantity=30, cate (truncated)...]
2025-06-29T09:46:24.507+05:30 DEBUG 23864 --- [productDashboard-test] [           main] o.s.w.s.m.m.a.HttpEntityMethodProcessor  : Using 'application/json', given [*/*] and supported [application/json, application/*+json]
2025-06-29T09:46:24.508+05:30 DEBUG 23864 --- [productDashboard-test] [           main] o.s.w.s.m.m.a.HttpEntityMethodProcessor  : Writing [Product{id=78, name='iPhone 15', description='Latest iPhone', price=999.99, stockQuantity=30, catego (truncated)...]
2025-06-29T09:46:24.509+05:30 DEBUG 23864 --- [productDashboard-test] [           main] s.w.s.m.m.a.RequestMappingHandlerMapping : Mapped to com.nisum.productDashboard.controller.ProductController#createProduct(Product)
2025-06-29T09:46:24.509+05:30 DEBUG 23864 --- [productDashboard-test] [           main] m.m.a.RequestResponseBodyMethodProcessor : Read "application/json;charset=UTF-8" to [Product{id=null, name='AirPods Pro', description='Wireless earbuds', price=249.99, stockQuantity=50, (truncated)...]
2025-06-29T09:46:24.511+05:30 DEBUG 23864 --- [productDashboard-test] [           main] o.s.w.s.m.m.a.HttpEntityMethodProcessor  : Using 'application/json', given [*/*] and supported [application/json, application/*+json]
2025-06-29T09:46:24.511+05:30 DEBUG 23864 --- [productDashboard-test] [           main] o.s.w.s.m.m.a.HttpEntityMethodProcessor  : Writing [Product{id=79, name='AirPods Pro', description='Wireless earbuds', price=249.99, stockQuantity=50, c (truncated)...]
2025-06-29T09:46:24.513+05:30 DEBUG 23864 --- [productDashboard-test] [           main] s.w.s.m.m.a.RequestMappingHandlerMapping : Mapped to com.nisum.productDashboard.controller.ProductController#createProduct(Product)
2025-06-29T09:46:24.514+05:30 DEBUG 23864 --- [productDashboard-test] [           main] m.m.a.RequestResponseBodyMethodProcessor : Read "application/json;charset=UTF-8" to [Product{id=null, name='Coffee Table', description='Wooden coffee table', price=299.99, stockQuantity (truncated)...]
2025-06-29T09:46:24.516+05:30 DEBUG 23864 --- [productDashboard-test] [           main] o.s.w.s.m.m.a.HttpEntityMethodProcessor  : Using 'application/json', given [*/*] and supported [application/json, application/*+json]
2025-06-29T09:46:24.516+05:30 DEBUG 23864 --- [productDashboard-test] [           main] o.s.w.s.m.m.a.HttpEntityMethodProcessor  : Writing [Product{id=80, name='Coffee Table', description='Wooden coffee table', price=299.99, stockQuantity=8 (truncated)...]
2025-06-29T09:46:24.517+05:30 DEBUG 23864 --- [productDashboard-test] [           main] s.w.s.m.m.a.RequestMappingHandlerMapping : Mapped to com.nisum.productDashboard.controller.ProductController#createProduct(Product)
2025-06-29T09:46:24.518+05:30 DEBUG 23864 --- [productDashboard-test] [           main] m.m.a.RequestResponseBodyMethodProcessor : Read "application/json;charset=UTF-8" to [Product{id=null, name='Office Chair', description='Ergonomic office chair', price=199.99, stockQuant (truncated)...]
2025-06-29T09:46:24.520+05:30 DEBUG 23864 --- [productDashboard-test] [           main] o.s.w.s.m.m.a.HttpEntityMethodProcessor  : Using 'application/json', given [*/*] and supported [application/json, application/*+json]
2025-06-29T09:46:24.520+05:30 DEBUG 23864 --- [productDashboard-test] [           main] o.s.w.s.m.m.a.HttpEntityMethodProcessor  : Writing [Product{id=81, name='Office Chair', description='Ergonomic office chair', price=199.99, stockQuantit (truncated)...]
2025-06-29T09:46:24.521+05:30 DEBUG 23864 --- [productDashboard-test] [           main] s.w.s.m.m.a.RequestMappingHandlerMapping : Mapped to com.nisum.productDashboard.controller.ProductController#getAllProducts()
2025-06-29T09:46:24.523+05:30 DEBUG 23864 --- [productDashboard-test] [           main] o.s.w.s.m.m.a.HttpEntityMethodProcessor  : Using 'application/json', given [*/*] and supported [application/json, application/*+json]
2025-06-29T09:46:24.524+05:30 DEBUG 23864 --- [productDashboard-test] [           main] o.s.w.s.m.m.a.HttpEntityMethodProcessor  : Writing [[Product{id=77, name='MacBook Pro', description='Apple laptop', price=2499.99, stockQuantity=15, cat (truncated)...]
2025-06-29T09:46:24.525+05:30 DEBUG 23864 --- [productDashboard-test] [           main] s.w.s.m.m.a.RequestMappingHandlerMapping : Mapped to com.nisum.productDashboard.controller.ProductController#getProductsByCategory(String)
2025-06-29T09:46:24.527+05:30 DEBUG 23864 --- [productDashboard-test] [           main] o.s.w.s.m.m.a.HttpEntityMethodProcessor  : Using 'application/json', given [*/*] and supported [application/json, application/*+json]
2025-06-29T09:46:24.527+05:30 DEBUG 23864 --- [productDashboard-test] [           main] o.s.w.s.m.m.a.HttpEntityMethodProcessor  : Writing [[Product{id=77, name='MacBook Pro', description='Apple laptop', price=2499.99, stockQuantity=15, cat (truncated)...]
2025-06-29T09:46:24.529+05:30 DEBUG 23864 --- [productDashboard-test] [           main] s.w.s.m.m.a.RequestMappingHandlerMapping : Mapped to com.nisum.productDashboard.controller.ProductController#getProductsByCategory(String)
2025-06-29T09:46:24.532+05:30 DEBUG 23864 --- [productDashboard-test] [           main] o.s.w.s.m.m.a.HttpEntityMethodProcessor  : Using 'application/json', given [*/*] and supported [application/json, application/*+json]
2025-06-29T09:46:24.532+05:30 DEBUG 23864 --- [productDashboard-test] [           main] o.s.w.s.m.m.a.HttpEntityMethodProcessor  : Writing [[Product{id=80, name='Coffee Table', description='Wooden coffee table', price=299.99, stockQuantity= (truncated)...]
]]></system-out>
  </testcase>
</testsuite>